---------------------------------------------------------------
[ 2020-05-08T10:27:57+08:00 ] 127.0.0.1 GET www.f1f2.com/rWPFXdqobO.php/identify/ident?ref=addtabs
[运行时间：0.143229s] [吞吐率：6.98req/s] [内存消耗：3,308.27kb] [文件加载：129]
[ info ] [ BEHAVIOR ] Run Closure @app_init [ RunTime:0.000016s ]
[ info ] [ CACHE ] INIT File
[ info ] [ BEHAVIOR ] Run Closure @app_init [ RunTime:0.002322s ]
[ info ] [ LANG ] E:\phpStudy\PHPTutorial\WWW\jiacang\thinkphp\lang\zh-cn.php
[ info ] [ ROUTE ] array (
  'type' => 'module',
  'module' => 
  array (
    0 => 'admin',
    1 => 'identify.ident',
    2 => NULL,
  ),
)
[ info ] [ HEADER ] array (
  'cookie' => 'Hm_lvt_f8d0a8c400404989e195270b0bbf060a=1587370153; PHPSESSID=f8b8odrnls0k7insco62ruq8tt',
  'accept-language' => 'zh-CN,zh;q=0.9,en;q=0.8',
  'accept-encoding' => 'gzip, deflate',
  'accept' => 'text/html,application/xhtml+xml,application/xml;q=0.9,image/webp,image/apng,*/*;q=0.8,application/signed-exchange;v=b3;q=0.9',
  'user-agent' => 'Mozilla/5.0 (Windows NT 10.0; Win64; x64) AppleWebKit/537.36 (KHTML, like Gecko) Chrome/81.0.4044.129 Safari/537.36',
  'upgrade-insecure-requests' => '1',
  'cache-control' => 'max-age=0',
  'connection' => 'close',
  'host' => 'www.f1f2.com',
)
[ info ] [ PARAM ] array (
  'ref' => 'addtabs',
)
[ info ] [ LANG ] E:\phpStudy\PHPTutorial\WWW\jiacang\public/../application/admin\lang\zh-cn.php
[ info ] [ BEHAVIOR ] Run app\common\behavior\Common @module_init [ RunTime:0.005119s ]
[ info ] [ SESSION ] INIT array (
  'id' => '',
  'var_session_id' => '',
  'prefix' => 'think',
  'type' => '',
  'auto_start' => true,
)
[ info ] [ DB ] INIT mysql
[ info ] [ BEHAVIOR ] Run app\admin\behavior\AdminLog @app_end [ RunTime:0.000155s ]
[ info ] [ LOG ] INIT File
---------------------------------------------------------------
[ 2020-05-08T10:27:58+08:00 ] 127.0.0.1 GET www.f1f2.com/rWPFXdqobO.php/index/index
[运行时间：0.181893s] [吞吐率：5.50req/s] [内存消耗：3,773.99kb] [文件加载：144]
[ info ] [ BEHAVIOR ] Run Closure @app_init [ RunTime:0.000030s ]
[ info ] [ CACHE ] INIT File
[ info ] [ BEHAVIOR ] Run Closure @app_init [ RunTime:0.005492s ]
[ info ] [ LANG ] E:\phpStudy\PHPTutorial\WWW\jiacang\thinkphp\lang\zh-cn.php
[ info ] [ ROUTE ] array (
  'type' => 'module',
  'module' => 
  array (
    0 => 'admin',
    1 => 'index',
    2 => 'index',
  ),
)
[ info ] [ HEADER ] array (
  'cookie' => 'Hm_lvt_f8d0a8c400404989e195270b0bbf060a=1587370153; PHPSESSID=f8b8odrnls0k7insco62ruq8tt',
  'accept-language' => 'zh-CN,zh;q=0.9,en;q=0.8',
  'accept-encoding' => 'gzip, deflate',
  'accept' => 'text/html,application/xhtml+xml,application/xml;q=0.9,image/webp,image/apng,*/*;q=0.8,application/signed-exchange;v=b3;q=0.9',
  'user-agent' => 'Mozilla/5.0 (Windows NT 10.0; Win64; x64) AppleWebKit/537.36 (KHTML, like Gecko) Chrome/81.0.4044.129 Safari/537.36',
  'upgrade-insecure-requests' => '1',
  'cache-control' => 'max-age=0',
  'connection' => 'close',
  'host' => 'www.f1f2.com',
)
[ info ] [ PARAM ] array (
)
[ info ] [ LANG ] E:\phpStudy\PHPTutorial\WWW\jiacang\public/../application/admin\lang\zh-cn.php
[ info ] [ BEHAVIOR ] Run app\common\behavior\Common @module_init [ RunTime:0.002779s ]
[ info ] [ SESSION ] INIT array (
  'id' => '',
  'var_session_id' => '',
  'prefix' => 'think',
  'type' => '',
  'auto_start' => true,
)
[ info ] [ DB ] INIT mysql
[ info ] [ LANG ] E:\phpStudy\PHPTutorial\WWW\jiacang\public/../application/admin/lang/zh-cn/index.php
[ info ] [ RUN ] app\admin\controller\Index->index[ E:\phpStudy\PHPTutorial\WWW\jiacang\application\admin\controller\Index.php ]
[ info ] [ VIEW ] E:\phpStudy\PHPTutorial\WWW\jiacang\public/../application/admin\view\index\index.html [ array (
  0 => 'breadcrumb',
  1 => 'site',
  2 => 'config',
  3 => 'auth',
  4 => 'admin',
  5 => 'menulist',
  6 => 'navlist',
  7 => 'fixedmenu',
  8 => 'referermenu',
  9 => 'title',
) ]
[ info ] [ BEHAVIOR ] Run app\admin\behavior\AdminLog @app_end [ RunTime:0.000157s ]
[ info ] [ LOG ] INIT File
---------------------------------------------------------------
[ 2020-05-08T10:27:58+08:00 ] 127.0.0.1 GET www.f1f2.com/rWPFXdqobO.php/identify/ident?addtabs=1
[运行时间：0.117512s] [吞吐率：8.51req/s] [内存消耗：3,512.87kb] [文件加载：132]
[ info ] [ BEHAVIOR ] Run Closure @app_init [ RunTime:0.000018s ]
[ info ] [ CACHE ] INIT File
[ info ] [ BEHAVIOR ] Run Closure @app_init [ RunTime:0.002950s ]
[ info ] [ LANG ] E:\phpStudy\PHPTutorial\WWW\jiacang\thinkphp\lang\zh-cn.php
[ info ] [ ROUTE ] array (
  'type' => 'module',
  'module' => 
  array (
    0 => 'admin',
    1 => 'identify.ident',
    2 => NULL,
  ),
)
[ info ] [ HEADER ] array (
  'cookie' => 'Hm_lvt_f8d0a8c400404989e195270b0bbf060a=1587370153; PHPSESSID=f8b8odrnls0k7insco62ruq8tt',
  'accept-language' => 'zh-CN,zh;q=0.9,en;q=0.8',
  'accept-encoding' => 'gzip, deflate',
  'referer' => 'http://www.f1f2.com/rWPFXdqobO.php/index/index',
  'accept' => 'text/html,application/xhtml+xml,application/xml;q=0.9,image/webp,image/apng,*/*;q=0.8,application/signed-exchange;v=b3;q=0.9',
  'user-agent' => 'Mozilla/5.0 (Windows NT 10.0; Win64; x64) AppleWebKit/537.36 (KHTML, like Gecko) Chrome/81.0.4044.129 Safari/537.36',
  'upgrade-insecure-requests' => '1',
  'connection' => 'close',
  'host' => 'www.f1f2.com',
)
[ info ] [ PARAM ] array (
  'addtabs' => '1',
)
[ info ] [ LANG ] E:\phpStudy\PHPTutorial\WWW\jiacang\public/../application/admin\lang\zh-cn.php
[ info ] [ BEHAVIOR ] Run app\common\behavior\Common @module_init [ RunTime:0.001627s ]
[ info ] [ SESSION ] INIT array (
  'id' => '',
  'var_session_id' => '',
  'prefix' => 'think',
  'type' => '',
  'auto_start' => true,
)
[ info ] [ DB ] INIT mysql
[ info ] [ LANG ] E:\phpStudy\PHPTutorial\WWW\jiacang\public/../application/admin/lang/zh-cn/identify/ident.php
[ info ] [ RUN ] app\common\controller\Backend->index[ E:\phpStudy\PHPTutorial\WWW\jiacang\application\admin\library\traits\Backend.php ]
[ info ] [ VIEW ] E:\phpStudy\PHPTutorial\WWW\jiacang\public/../application/admin\view\identify\ident\index.html [ array (
  0 => 'breadcrumb',
  1 => 'site',
  2 => 'config',
  3 => 'auth',
  4 => 'admin',
) ]
[ info ] [ BEHAVIOR ] Run app\admin\behavior\AdminLog @app_end [ RunTime:0.000315s ]
[ info ] [ LOG ] INIT File
---------------------------------------------------------------
[ 2020-05-08T10:27:58+08:00 ] 127.0.0.1 GET www.f1f2.com/assets/css/skins/skin-green.css.map
[运行时间：0.065177s] [吞吐率：15.34req/s] [内存消耗：1,674.30kb] [文件加载：106]
[ info ] [ BEHAVIOR ] Run Closure @app_init [ RunTime:0.000034s ]
[ info ] [ CACHE ] INIT File
[ info ] [ BEHAVIOR ] Run Closure @app_init [ RunTime:0.006817s ]
[ info ] [ LANG ] E:\phpStudy\PHPTutorial\WWW\jiacang\thinkphp\lang\zh-cn.php
[ info ] [ ROUTE ] array (
  'type' => 'module',
  'module' => 
  array (
    0 => 'assets',
    1 => 'css',
    2 => 'skins',
  ),
)
[ info ] [ HEADER ] array (
  'cookie' => 'Hm_lvt_f8d0a8c400404989e195270b0bbf060a=1587370153; PHPSESSID=f8b8odrnls0k7insco62ruq8tt',
  'accept-language' => 'zh-CN,zh;q=0.9,en;q=0.8',
  'accept-encoding' => 'gzip, deflate',
  'user-agent' => 'Mozilla/5.0 (Windows NT 10.0; Win64; x64) AppleWebKit/537.36 (KHTML, like Gecko) Chrome/81.0.4044.129 Safari/537.36',
  'connection' => 'close',
  'host' => 'www.f1f2.com',
)
[ info ] [ PARAM ] array (
)
[ info ] [ LOG ] INIT File
---------------------------------------------------------------
[ 2020-05-08T10:27:58+08:00 ] 127.0.0.1 GET www.f1f2.com/assets/css/skins/skin-green.css.map
[运行时间：0.051164s] [吞吐率：19.54req/s] [内存消耗：1,674.30kb] [文件加载：106]
[ info ] [ BEHAVIOR ] Run Closure @app_init [ RunTime:0.000025s ]
[ info ] [ CACHE ] INIT File
[ info ] [ BEHAVIOR ] Run Closure @app_init [ RunTime:0.004224s ]
[ info ] [ LANG ] E:\phpStudy\PHPTutorial\WWW\jiacang\thinkphp\lang\zh-cn.php
[ info ] [ ROUTE ] array (
  'type' => 'module',
  'module' => 
  array (
    0 => 'assets',
    1 => 'css',
    2 => 'skins',
  ),
)
[ info ] [ HEADER ] array (
  'cookie' => 'Hm_lvt_f8d0a8c400404989e195270b0bbf060a=1587370153; PHPSESSID=f8b8odrnls0k7insco62ruq8tt',
  'accept-language' => 'zh-CN,zh;q=0.9,en;q=0.8',
  'accept-encoding' => 'gzip, deflate',
  'user-agent' => 'Mozilla/5.0 (Windows NT 10.0; Win64; x64) AppleWebKit/537.36 (KHTML, like Gecko) Chrome/81.0.4044.129 Safari/537.36',
  'connection' => 'close',
  'host' => 'www.f1f2.com',
)
[ info ] [ PARAM ] array (
)
[ info ] [ LOG ] INIT File
---------------------------------------------------------------
[ 2020-05-08T10:27:59+08:00 ] 127.0.0.1 GET www.f1f2.com/rWPFXdqobO.php/ajax/lang?callback=define&controllername=index&v=1588904877
[运行时间：0.152235s] [吞吐率：6.57req/s] [内存消耗：3,577.79kb] [文件加载：132]
[ info ] [ BEHAVIOR ] Run Closure @app_init [ RunTime:0.000030s ]
[ info ] [ CACHE ] INIT File
[ info ] [ BEHAVIOR ] Run Closure @app_init [ RunTime:0.004390s ]
[ info ] [ LANG ] E:\phpStudy\PHPTutorial\WWW\jiacang\thinkphp\lang\zh-cn.php
[ info ] [ ROUTE ] array (
  'type' => 'module',
  'module' => 
  array (
    0 => 'admin',
    1 => 'ajax',
    2 => 'lang',
  ),
)
[ info ] [ HEADER ] array (
  'cookie' => 'Hm_lvt_f8d0a8c400404989e195270b0bbf060a=1587370153; PHPSESSID=f8b8odrnls0k7insco62ruq8tt',
  'accept-language' => 'zh-CN,zh;q=0.9,en;q=0.8',
  'accept-encoding' => 'gzip, deflate',
  'referer' => 'http://www.f1f2.com/rWPFXdqobO.php/index/index',
  'accept' => '*/*',
  'user-agent' => 'Mozilla/5.0 (Windows NT 10.0; Win64; x64) AppleWebKit/537.36 (KHTML, like Gecko) Chrome/81.0.4044.129 Safari/537.36',
  'connection' => 'close',
  'host' => 'www.f1f2.com',
)
[ info ] [ PARAM ] array (
  'callback' => 'define',
  'controllername' => 'index',
  'v' => '1588904877',
)
[ info ] [ LANG ] E:\phpStudy\PHPTutorial\WWW\jiacang\public/../application/admin\lang\zh-cn.php
[ info ] [ BEHAVIOR ] Run app\common\behavior\Common @module_init [ RunTime:0.003478s ]
[ info ] [ SESSION ] INIT array (
  'id' => '',
  'var_session_id' => '',
  'prefix' => 'think',
  'type' => '',
  'auto_start' => true,
)
[ info ] [ DB ] INIT mysql
[ info ] [ LANG ] E:\phpStudy\PHPTutorial\WWW\jiacang\public/../application/admin/lang/zh-cn/ajax.php
[ info ] [ RUN ] app\admin\controller\Ajax->lang[ E:\phpStudy\PHPTutorial\WWW\jiacang\application\admin\controller\Ajax.php ]
[ info ] [ LANG ] E:\phpStudy\PHPTutorial\WWW\jiacang\public/../application/admin/lang/zh-cn/index.php
[ info ] [ BEHAVIOR ] Run app\admin\behavior\AdminLog @app_end [ RunTime:0.000158s ]
[ info ] [ LOG ] INIT File
---------------------------------------------------------------
[ 2020-05-08T10:27:59+08:00 ] 127.0.0.1 GET www.f1f2.com/assets/css/backend.css.map
[运行时间：0.050313s] [吞吐率：19.88req/s] [内存消耗：1,674.27kb] [文件加载：106]
[ info ] [ BEHAVIOR ] Run Closure @app_init [ RunTime:0.000024s ]
[ info ] [ CACHE ] INIT File
[ info ] [ BEHAVIOR ] Run Closure @app_init [ RunTime:0.004031s ]
[ info ] [ LANG ] E:\phpStudy\PHPTutorial\WWW\jiacang\thinkphp\lang\zh-cn.php
[ info ] [ ROUTE ] array (
  'type' => 'module',
  'module' => 
  array (
    0 => 'assets',
    1 => 'css',
    2 => 'backend.css.map',
  ),
)
[ info ] [ HEADER ] array (
  'cookie' => 'Hm_lvt_f8d0a8c400404989e195270b0bbf060a=1587370153; PHPSESSID=f8b8odrnls0k7insco62ruq8tt',
  'accept-language' => 'zh-CN,zh;q=0.9,en;q=0.8',
  'accept-encoding' => 'gzip, deflate',
  'user-agent' => 'Mozilla/5.0 (Windows NT 10.0; Win64; x64) AppleWebKit/537.36 (KHTML, like Gecko) Chrome/81.0.4044.129 Safari/537.36',
  'connection' => 'close',
  'host' => 'www.f1f2.com',
)
[ info ] [ PARAM ] array (
)
[ info ] [ LOG ] INIT File
---------------------------------------------------------------
[ 2020-05-08T10:27:59+08:00 ] 127.0.0.1 GET www.f1f2.com/assets/css/backend.css.map
[运行时间：0.047226s] [吞吐率：21.17req/s] [内存消耗：1,674.27kb] [文件加载：106]
[ info ] [ BEHAVIOR ] Run Closure @app_init [ RunTime:0.000028s ]
[ info ] [ CACHE ] INIT File
[ info ] [ BEHAVIOR ] Run Closure @app_init [ RunTime:0.004556s ]
[ info ] [ LANG ] E:\phpStudy\PHPTutorial\WWW\jiacang\thinkphp\lang\zh-cn.php
[ info ] [ ROUTE ] array (
  'type' => 'module',
  'module' => 
  array (
    0 => 'assets',
    1 => 'css',
    2 => 'backend.css.map',
  ),
)
[ info ] [ HEADER ] array (
  'cookie' => 'Hm_lvt_f8d0a8c400404989e195270b0bbf060a=1587370153; PHPSESSID=f8b8odrnls0k7insco62ruq8tt',
  'accept-language' => 'zh-CN,zh;q=0.9,en;q=0.8',
  'accept-encoding' => 'gzip, deflate',
  'user-agent' => 'Mozilla/5.0 (Windows NT 10.0; Win64; x64) AppleWebKit/537.36 (KHTML, like Gecko) Chrome/81.0.4044.129 Safari/537.36',
  'connection' => 'close',
  'host' => 'www.f1f2.com',
)
[ info ] [ PARAM ] array (
)
[ info ] [ LOG ] INIT File
---------------------------------------------------------------
[ 2020-05-08T10:27:59+08:00 ] 127.0.0.1 GET www.f1f2.com/assets/css/backend.css.map
[运行时间：0.044248s] [吞吐率：22.60req/s] [内存消耗：1,674.27kb] [文件加载：106]
[ info ] [ BEHAVIOR ] Run Closure @app_init [ RunTime:0.001738s ]
[ info ] [ CACHE ] INIT File
[ info ] [ BEHAVIOR ] Run Closure @app_init [ RunTime:0.003184s ]
[ info ] [ LANG ] E:\phpStudy\PHPTutorial\WWW\jiacang\thinkphp\lang\zh-cn.php
[ info ] [ ROUTE ] array (
  'type' => 'module',
  'module' => 
  array (
    0 => 'assets',
    1 => 'css',
    2 => 'backend.css.map',
  ),
)
[ info ] [ HEADER ] array (
  'cookie' => 'Hm_lvt_f8d0a8c400404989e195270b0bbf060a=1587370153; PHPSESSID=f8b8odrnls0k7insco62ruq8tt',
  'accept-language' => 'zh-CN,zh;q=0.9,en;q=0.8',
  'accept-encoding' => 'gzip, deflate',
  'user-agent' => 'Mozilla/5.0 (Windows NT 10.0; Win64; x64) AppleWebKit/537.36 (KHTML, like Gecko) Chrome/81.0.4044.129 Safari/537.36',
  'connection' => 'close',
  'host' => 'www.f1f2.com',
)
[ info ] [ PARAM ] array (
)
[ info ] [ LOG ] INIT File
---------------------------------------------------------------
[ 2020-05-08T10:28:00+08:00 ] 127.0.0.1 GET www.f1f2.com/rWPFXdqobO.php/ajax/lang?callback=define&controllername=identify.ident&v=1588904878
[运行时间：0.095767s] [吞吐率：10.44req/s] [内存消耗：3,574.20kb] [文件加载：132]
[ info ] [ BEHAVIOR ] Run Closure @app_init [ RunTime:0.000023s ]
[ info ] [ CACHE ] INIT File
[ info ] [ BEHAVIOR ] Run Closure @app_init [ RunTime:0.003012s ]
[ info ] [ LANG ] E:\phpStudy\PHPTutorial\WWW\jiacang\thinkphp\lang\zh-cn.php
[ info ] [ ROUTE ] array (
  'type' => 'module',
  'module' => 
  array (
    0 => 'admin',
    1 => 'ajax',
    2 => 'lang',
  ),
)
[ info ] [ HEADER ] array (
  'cookie' => 'Hm_lvt_f8d0a8c400404989e195270b0bbf060a=1587370153; PHPSESSID=f8b8odrnls0k7insco62ruq8tt',
  'accept-language' => 'zh-CN,zh;q=0.9,en;q=0.8',
  'accept-encoding' => 'gzip, deflate',
  'referer' => 'http://www.f1f2.com/rWPFXdqobO.php/identify/ident?addtabs=1',
  'accept' => '*/*',
  'user-agent' => 'Mozilla/5.0 (Windows NT 10.0; Win64; x64) AppleWebKit/537.36 (KHTML, like Gecko) Chrome/81.0.4044.129 Safari/537.36',
  'connection' => 'close',
  'host' => 'www.f1f2.com',
)
[ info ] [ PARAM ] array (
  'callback' => 'define',
  'controllername' => 'identify.ident',
  'v' => '1588904878',
)
[ info ] [ LANG ] E:\phpStudy\PHPTutorial\WWW\jiacang\public/../application/admin\lang\zh-cn.php
[ info ] [ BEHAVIOR ] Run app\common\behavior\Common @module_init [ RunTime:0.001319s ]
[ info ] [ SESSION ] INIT array (
  'id' => '',
  'var_session_id' => '',
  'prefix' => 'think',
  'type' => '',
  'auto_start' => true,
)
[ info ] [ DB ] INIT mysql
[ info ] [ LANG ] E:\phpStudy\PHPTutorial\WWW\jiacang\public/../application/admin/lang/zh-cn/ajax.php
[ info ] [ RUN ] app\admin\controller\Ajax->lang[ E:\phpStudy\PHPTutorial\WWW\jiacang\application\admin\controller\Ajax.php ]
[ info ] [ LANG ] E:\phpStudy\PHPTutorial\WWW\jiacang\public/../application/admin/lang/zh-cn/identify/ident.php
[ info ] [ BEHAVIOR ] Run app\admin\behavior\AdminLog @app_end [ RunTime:0.000153s ]
[ info ] [ LOG ] INIT File
---------------------------------------------------------------
[ 2020-05-08T10:28:01+08:00 ] 127.0.0.1 GET www.f1f2.com/assets/css/bootstrap.css.map
[运行时间：0.039080s] [吞吐率：25.59req/s] [内存消耗：1,674.30kb] [文件加载：106]
[ info ] [ BEHAVIOR ] Run Closure @app_init [ RunTime:0.000147s ]
[ info ] [ CACHE ] INIT File
[ info ] [ BEHAVIOR ] Run Closure @app_init [ RunTime:0.003133s ]
[ info ] [ LANG ] E:\phpStudy\PHPTutorial\WWW\jiacang\thinkphp\lang\zh-cn.php
[ info ] [ ROUTE ] array (
  'type' => 'module',
  'module' => 
  array (
    0 => 'assets',
    1 => 'css',
    2 => 'bootstrap.css.map',
  ),
)
[ info ] [ HEADER ] array (
  'cookie' => 'Hm_lvt_f8d0a8c400404989e195270b0bbf060a=1587370153; PHPSESSID=f8b8odrnls0k7insco62ruq8tt',
  'accept-language' => 'zh-CN,zh;q=0.9,en;q=0.8',
  'accept-encoding' => 'gzip, deflate',
  'user-agent' => 'Mozilla/5.0 (Windows NT 10.0; Win64; x64) AppleWebKit/537.36 (KHTML, like Gecko) Chrome/81.0.4044.129 Safari/537.36',
  'connection' => 'close',
  'host' => 'www.f1f2.com',
)
[ info ] [ PARAM ] array (
)
[ info ] [ LOG ] INIT File
---------------------------------------------------------------
[ 2020-05-08T10:28:02+08:00 ] 127.0.0.1 GET www.f1f2.com/assets/css/fastadmin.css.map
[运行时间：0.044045s] [吞吐率：22.70req/s] [内存消耗：1,674.30kb] [文件加载：106]
[ info ] [ BEHAVIOR ] Run Closure @app_init [ RunTime:0.000213s ]
[ info ] [ CACHE ] INIT File
[ info ] [ BEHAVIOR ] Run Closure @app_init [ RunTime:0.003291s ]
[ info ] [ LANG ] E:\phpStudy\PHPTutorial\WWW\jiacang\thinkphp\lang\zh-cn.php
[ info ] [ ROUTE ] array (
  'type' => 'module',
  'module' => 
  array (
    0 => 'assets',
    1 => 'css',
    2 => 'fastadmin.css.map',
  ),
)
[ info ] [ HEADER ] array (
  'cookie' => 'Hm_lvt_f8d0a8c400404989e195270b0bbf060a=1587370153; PHPSESSID=f8b8odrnls0k7insco62ruq8tt',
  'accept-language' => 'zh-CN,zh;q=0.9,en;q=0.8',
  'accept-encoding' => 'gzip, deflate',
  'user-agent' => 'Mozilla/5.0 (Windows NT 10.0; Win64; x64) AppleWebKit/537.36 (KHTML, like Gecko) Chrome/81.0.4044.129 Safari/537.36',
  'connection' => 'close',
  'host' => 'www.f1f2.com',
)
[ info ] [ PARAM ] array (
)
[ info ] [ LOG ] INIT File
---------------------------------------------------------------
[ 2020-05-08T10:28:11+08:00 ] 127.0.0.1 GET www.f1f2.com/rWPFXdqobO.php/index/index
[运行时间：0.165251s] [吞吐率：6.05req/s] [内存消耗：3,772.71kb] [文件加载：144]
[ info ] [ BEHAVIOR ] Run Closure @app_init [ RunTime:0.000015s ]
[ info ] [ CACHE ] INIT File
[ info ] [ BEHAVIOR ] Run Closure @app_init [ RunTime:0.004250s ]
[ info ] [ LANG ] E:\phpStudy\PHPTutorial\WWW\jiacang\thinkphp\lang\zh-cn.php
[ info ] [ ROUTE ] array (
  'type' => 'module',
  'module' => 
  array (
    0 => 'admin',
    1 => 'index',
    2 => 'index',
  ),
)
[ info ] [ HEADER ] array (
  'cookie' => 'Hm_lvt_f8d0a8c400404989e195270b0bbf060a=1587370153; PHPSESSID=f8b8odrnls0k7insco62ruq8tt',
  'accept-language' => 'zh-CN,zh;q=0.9,en;q=0.8',
  'accept-encoding' => 'gzip, deflate',
  'accept' => 'text/html,application/xhtml+xml,application/xml;q=0.9,image/webp,image/apng,*/*;q=0.8,application/signed-exchange;v=b3;q=0.9',
  'user-agent' => 'Mozilla/5.0 (Windows NT 10.0; Win64; x64) AppleWebKit/537.36 (KHTML, like Gecko) Chrome/81.0.4044.129 Safari/537.36',
  'upgrade-insecure-requests' => '1',
  'cache-control' => 'max-age=0',
  'connection' => 'close',
  'host' => 'www.f1f2.com',
)
[ info ] [ PARAM ] array (
)
[ info ] [ LANG ] E:\phpStudy\PHPTutorial\WWW\jiacang\public/../application/admin\lang\zh-cn.php
[ info ] [ BEHAVIOR ] Run app\common\behavior\Common @module_init [ RunTime:0.001585s ]
[ info ] [ SESSION ] INIT array (
  'id' => '',
  'var_session_id' => '',
  'prefix' => 'think',
  'type' => '',
  'auto_start' => true,
)
[ info ] [ DB ] INIT mysql
[ info ] [ LANG ] E:\phpStudy\PHPTutorial\WWW\jiacang\public/../application/admin/lang/zh-cn/index.php
[ info ] [ RUN ] app\admin\controller\Index->index[ E:\phpStudy\PHPTutorial\WWW\jiacang\application\admin\controller\Index.php ]
[ info ] [ VIEW ] E:\phpStudy\PHPTutorial\WWW\jiacang\public/../application/admin\view\index\index.html [ array (
  0 => 'breadcrumb',
  1 => 'site',
  2 => 'config',
  3 => 'auth',
  4 => 'admin',
  5 => 'menulist',
  6 => 'navlist',
  7 => 'fixedmenu',
  8 => 'referermenu',
  9 => 'title',
) ]
[ info ] [ BEHAVIOR ] Run app\admin\behavior\AdminLog @app_end [ RunTime:0.000257s ]
[ info ] [ LOG ] INIT File
---------------------------------------------------------------
[ 2020-05-08T10:28:12+08:00 ] 127.0.0.1 GET www.f1f2.com/assets/css/backend.css.map
[运行时间：0.061908s] [吞吐率：16.15req/s] [内存消耗：1,674.27kb] [文件加载：106]
[ info ] [ BEHAVIOR ] Run Closure @app_init [ RunTime:0.000038s ]
[ info ] [ CACHE ] INIT File
[ info ] [ BEHAVIOR ] Run Closure @app_init [ RunTime:0.003432s ]
[ info ] [ LANG ] E:\phpStudy\PHPTutorial\WWW\jiacang\thinkphp\lang\zh-cn.php
[ info ] [ ROUTE ] array (
  'type' => 'module',
  'module' => 
  array (
    0 => 'assets',
    1 => 'css',
    2 => 'backend.css.map',
  ),
)
[ info ] [ HEADER ] array (
  'cookie' => 'Hm_lvt_f8d0a8c400404989e195270b0bbf060a=1587370153; PHPSESSID=f8b8odrnls0k7insco62ruq8tt',
  'accept-language' => 'zh-CN,zh;q=0.9,en;q=0.8',
  'accept-encoding' => 'gzip, deflate',
  'user-agent' => 'Mozilla/5.0 (Windows NT 10.0; Win64; x64) AppleWebKit/537.36 (KHTML, like Gecko) Chrome/81.0.4044.129 Safari/537.36',
  'connection' => 'close',
  'host' => 'www.f1f2.com',
)
[ info ] [ PARAM ] array (
)
[ info ] [ LOG ] INIT File
---------------------------------------------------------------
[ 2020-05-08T10:28:12+08:00 ] 127.0.0.1 GET www.f1f2.com/assets/css/bootstrap.css.map
[运行时间：0.062962s] [吞吐率：15.88req/s] [内存消耗：1,674.30kb] [文件加载：106]
[ info ] [ BEHAVIOR ] Run Closure @app_init [ RunTime:0.000023s ]
[ info ] [ CACHE ] INIT File
[ info ] [ BEHAVIOR ] Run Closure @app_init [ RunTime:0.021454s ]
[ info ] [ LANG ] E:\phpStudy\PHPTutorial\WWW\jiacang\thinkphp\lang\zh-cn.php
[ info ] [ ROUTE ] array (
  'type' => 'module',
  'module' => 
  array (
    0 => 'assets',
    1 => 'css',
    2 => 'bootstrap.css.map',
  ),
)
[ info ] [ HEADER ] array (
  'cookie' => 'Hm_lvt_f8d0a8c400404989e195270b0bbf060a=1587370153; PHPSESSID=f8b8odrnls0k7insco62ruq8tt',
  'accept-language' => 'zh-CN,zh;q=0.9,en;q=0.8',
  'accept-encoding' => 'gzip, deflate',
  'user-agent' => 'Mozilla/5.0 (Windows NT 10.0; Win64; x64) AppleWebKit/537.36 (KHTML, like Gecko) Chrome/81.0.4044.129 Safari/537.36',
  'connection' => 'close',
  'host' => 'www.f1f2.com',
)
[ info ] [ PARAM ] array (
)
[ info ] [ LOG ] INIT File
---------------------------------------------------------------
[ 2020-05-08T10:28:12+08:00 ] 127.0.0.1 GET www.f1f2.com/assets/css/fastadmin.css.map
[运行时间：0.050062s] [吞吐率：19.98req/s] [内存消耗：1,674.30kb] [文件加载：106]
[ info ] [ BEHAVIOR ] Run Closure @app_init [ RunTime:0.000027s ]
[ info ] [ CACHE ] INIT File
[ info ] [ BEHAVIOR ] Run Closure @app_init [ RunTime:0.005847s ]
[ info ] [ LANG ] E:\phpStudy\PHPTutorial\WWW\jiacang\thinkphp\lang\zh-cn.php
[ info ] [ ROUTE ] array (
  'type' => 'module',
  'module' => 
  array (
    0 => 'assets',
    1 => 'css',
    2 => 'fastadmin.css.map',
  ),
)
[ info ] [ HEADER ] array (
  'cookie' => 'Hm_lvt_f8d0a8c400404989e195270b0bbf060a=1587370153; PHPSESSID=f8b8odrnls0k7insco62ruq8tt',
  'accept-language' => 'zh-CN,zh;q=0.9,en;q=0.8',
  'accept-encoding' => 'gzip, deflate',
  'user-agent' => 'Mozilla/5.0 (Windows NT 10.0; Win64; x64) AppleWebKit/537.36 (KHTML, like Gecko) Chrome/81.0.4044.129 Safari/537.36',
  'connection' => 'close',
  'host' => 'www.f1f2.com',
)
[ info ] [ PARAM ] array (
)
[ info ] [ LOG ] INIT File
---------------------------------------------------------------
[ 2020-05-08T10:28:12+08:00 ] 127.0.0.1 GET www.f1f2.com/rWPFXdqobO.php/ajax/lang?callback=define&controllername=index&v=1588904891
[运行时间：0.129481s] [吞吐率：7.72req/s] [内存消耗：3,577.79kb] [文件加载：132]
[ info ] [ BEHAVIOR ] Run Closure @app_init [ RunTime:0.000255s ]
[ info ] [ CACHE ] INIT File
[ info ] [ BEHAVIOR ] Run Closure @app_init [ RunTime:0.004704s ]
[ info ] [ LANG ] E:\phpStudy\PHPTutorial\WWW\jiacang\thinkphp\lang\zh-cn.php
[ info ] [ ROUTE ] array (
  'type' => 'module',
  'module' => 
  array (
    0 => 'admin',
    1 => 'ajax',
    2 => 'lang',
  ),
)
[ info ] [ HEADER ] array (
  'cookie' => 'Hm_lvt_f8d0a8c400404989e195270b0bbf060a=1587370153; PHPSESSID=f8b8odrnls0k7insco62ruq8tt',
  'accept-language' => 'zh-CN,zh;q=0.9,en;q=0.8',
  'accept-encoding' => 'gzip, deflate',
  'referer' => 'http://www.f1f2.com/rWPFXdqobO.php/index/index',
  'accept' => '*/*',
  'user-agent' => 'Mozilla/5.0 (Windows NT 10.0; Win64; x64) AppleWebKit/537.36 (KHTML, like Gecko) Chrome/81.0.4044.129 Safari/537.36',
  'connection' => 'close',
  'host' => 'www.f1f2.com',
)
[ info ] [ PARAM ] array (
  'callback' => 'define',
  'controllername' => 'index',
  'v' => '1588904891',
)
[ info ] [ LANG ] E:\phpStudy\PHPTutorial\WWW\jiacang\public/../application/admin\lang\zh-cn.php
[ info ] [ BEHAVIOR ] Run app\common\behavior\Common @module_init [ RunTime:0.001996s ]
[ info ] [ SESSION ] INIT array (
  'id' => '',
  'var_session_id' => '',
  'prefix' => 'think',
  'type' => '',
  'auto_start' => true,
)
[ info ] [ DB ] INIT mysql
[ info ] [ LANG ] E:\phpStudy\PHPTutorial\WWW\jiacang\public/../application/admin/lang/zh-cn/ajax.php
[ info ] [ RUN ] app\admin\controller\Ajax->lang[ E:\phpStudy\PHPTutorial\WWW\jiacang\application\admin\controller\Ajax.php ]
[ info ] [ LANG ] E:\phpStudy\PHPTutorial\WWW\jiacang\public/../application/admin/lang/zh-cn/index.php
[ info ] [ BEHAVIOR ] Run app\admin\behavior\AdminLog @app_end [ RunTime:0.000265s ]
[ info ] [ LOG ] INIT File
---------------------------------------------------------------
[ 2020-05-08T10:28:13+08:00 ] 127.0.0.1 GET www.f1f2.com/assets/css/skins/skin-green.css.map
[运行时间：0.029693s] [吞吐率：33.68req/s] [内存消耗：1,674.30kb] [文件加载：106]
[ info ] [ BEHAVIOR ] Run Closure @app_init [ RunTime:0.000019s ]
[ info ] [ CACHE ] INIT File
[ info ] [ BEHAVIOR ] Run Closure @app_init [ RunTime:0.002842s ]
[ info ] [ LANG ] E:\phpStudy\PHPTutorial\WWW\jiacang\thinkphp\lang\zh-cn.php
[ info ] [ ROUTE ] array (
  'type' => 'module',
  'module' => 
  array (
    0 => 'assets',
    1 => 'css',
    2 => 'skins',
  ),
)
[ info ] [ HEADER ] array (
  'cookie' => 'Hm_lvt_f8d0a8c400404989e195270b0bbf060a=1587370153; PHPSESSID=f8b8odrnls0k7insco62ruq8tt',
  'accept-language' => 'zh-CN,zh;q=0.9,en;q=0.8',
  'accept-encoding' => 'gzip, deflate',
  'user-agent' => 'Mozilla/5.0 (Windows NT 10.0; Win64; x64) AppleWebKit/537.36 (KHTML, like Gecko) Chrome/81.0.4044.129 Safari/537.36',
  'connection' => 'close',
  'host' => 'www.f1f2.com',
)
[ info ] [ PARAM ] array (
)
[ info ] [ LOG ] INIT File
---------------------------------------------------------------
[ 2020-05-08T10:28:56+08:00 ] 127.0.0.1 GET www.f1f2.com/rWPFXdqobO.php/index/index
[运行时间：0.143688s] [吞吐率：6.96req/s] [内存消耗：3,772.71kb] [文件加载：144]
[ info ] [ BEHAVIOR ] Run Closure @app_init [ RunTime:0.000016s ]
[ info ] [ CACHE ] INIT File
[ info ] [ BEHAVIOR ] Run Closure @app_init [ RunTime:0.003567s ]
[ info ] [ LANG ] E:\phpStudy\PHPTutorial\WWW\jiacang\thinkphp\lang\zh-cn.php
[ info ] [ ROUTE ] array (
  'type' => 'module',
  'module' => 
  array (
    0 => 'admin',
    1 => 'index',
    2 => 'index',
  ),
)
[ info ] [ HEADER ] array (
  'cookie' => 'Hm_lvt_f8d0a8c400404989e195270b0bbf060a=1587370153; PHPSESSID=f8b8odrnls0k7insco62ruq8tt',
  'accept-language' => 'zh-CN,zh;q=0.9,en;q=0.8',
  'accept-encoding' => 'gzip, deflate',
  'accept' => 'text/html,application/xhtml+xml,application/xml;q=0.9,image/webp,image/apng,*/*;q=0.8,application/signed-exchange;v=b3;q=0.9',
  'user-agent' => 'Mozilla/5.0 (Windows NT 10.0; Win64; x64) AppleWebKit/537.36 (KHTML, like Gecko) Chrome/81.0.4044.129 Safari/537.36',
  'upgrade-insecure-requests' => '1',
  'cache-control' => 'max-age=0',
  'connection' => 'close',
  'host' => 'www.f1f2.com',
)
[ info ] [ PARAM ] array (
)
[ info ] [ LANG ] E:\phpStudy\PHPTutorial\WWW\jiacang\public/../application/admin\lang\zh-cn.php
[ info ] [ BEHAVIOR ] Run app\common\behavior\Common @module_init [ RunTime:0.001410s ]
[ info ] [ SESSION ] INIT array (
  'id' => '',
  'var_session_id' => '',
  'prefix' => 'think',
  'type' => '',
  'auto_start' => true,
)
[ info ] [ DB ] INIT mysql
[ info ] [ LANG ] E:\phpStudy\PHPTutorial\WWW\jiacang\public/../application/admin/lang/zh-cn/index.php
[ info ] [ RUN ] app\admin\controller\Index->index[ E:\phpStudy\PHPTutorial\WWW\jiacang\application\admin\controller\Index.php ]
[ info ] [ VIEW ] E:\phpStudy\PHPTutorial\WWW\jiacang\public/../application/admin\view\index\index.html [ array (
  0 => 'breadcrumb',
  1 => 'site',
  2 => 'config',
  3 => 'auth',
  4 => 'admin',
  5 => 'menulist',
  6 => 'navlist',
  7 => 'fixedmenu',
  8 => 'referermenu',
  9 => 'title',
) ]
[ info ] [ BEHAVIOR ] Run app\admin\behavior\AdminLog @app_end [ RunTime:0.000219s ]
[ info ] [ LOG ] INIT File
---------------------------------------------------------------
[ 2020-05-08T10:28:56+08:00 ] 127.0.0.1 GET www.f1f2.com/rWPFXdqobO.php/ajax/lang?callback=define&controllername=index&v=1588904935
[运行时间：0.131756s] [吞吐率：7.59req/s] [内存消耗：3,577.79kb] [文件加载：132]
[ info ] [ BEHAVIOR ] Run Closure @app_init [ RunTime:0.000015s ]
[ info ] [ CACHE ] INIT File
[ info ] [ BEHAVIOR ] Run Closure @app_init [ RunTime:0.002125s ]
[ info ] [ LANG ] E:\phpStudy\PHPTutorial\WWW\jiacang\thinkphp\lang\zh-cn.php
[ info ] [ ROUTE ] array (
  'type' => 'module',
  'module' => 
  array (
    0 => 'admin',
    1 => 'ajax',
    2 => 'lang',
  ),
)
[ info ] [ HEADER ] array (
  'cookie' => 'Hm_lvt_f8d0a8c400404989e195270b0bbf060a=1587370153; PHPSESSID=f8b8odrnls0k7insco62ruq8tt',
  'accept-language' => 'zh-CN,zh;q=0.9,en;q=0.8',
  'accept-encoding' => 'gzip, deflate',
  'referer' => 'http://www.f1f2.com/rWPFXdqobO.php/index/index',
  'accept' => '*/*',
  'user-agent' => 'Mozilla/5.0 (Windows NT 10.0; Win64; x64) AppleWebKit/537.36 (KHTML, like Gecko) Chrome/81.0.4044.129 Safari/537.36',
  'connection' => 'close',
  'host' => 'www.f1f2.com',
)
[ info ] [ PARAM ] array (
  'callback' => 'define',
  'controllername' => 'index',
  'v' => '1588904935',
)
[ info ] [ LANG ] E:\phpStudy\PHPTutorial\WWW\jiacang\public/../application/admin\lang\zh-cn.php
[ info ] [ BEHAVIOR ] Run app\common\behavior\Common @module_init [ RunTime:0.001230s ]
[ info ] [ SESSION ] INIT array (
  'id' => '',
  'var_session_id' => '',
  'prefix' => 'think',
  'type' => '',
  'auto_start' => true,
)
[ info ] [ DB ] INIT mysql
[ info ] [ LANG ] E:\phpStudy\PHPTutorial\WWW\jiacang\public/../application/admin/lang/zh-cn/ajax.php
[ info ] [ RUN ] app\admin\controller\Ajax->lang[ E:\phpStudy\PHPTutorial\WWW\jiacang\application\admin\controller\Ajax.php ]
[ info ] [ LANG ] E:\phpStudy\PHPTutorial\WWW\jiacang\public/../application/admin/lang/zh-cn/index.php
[ info ] [ BEHAVIOR ] Run app\admin\behavior\AdminLog @app_end [ RunTime:0.000152s ]
[ info ] [ LOG ] INIT File
---------------------------------------------------------------
[ 2020-05-08T10:29:02+08:00 ] 127.0.0.1 GET www.f1f2.com/assets/css/backend.css.map
[运行时间：0.044797s] [吞吐率：22.32req/s] [内存消耗：1,674.27kb] [文件加载：106]
[ info ] [ BEHAVIOR ] Run Closure @app_init [ RunTime:0.000022s ]
[ info ] [ CACHE ] INIT File
[ info ] [ BEHAVIOR ] Run Closure @app_init [ RunTime:0.004423s ]
[ info ] [ LANG ] E:\phpStudy\PHPTutorial\WWW\jiacang\thinkphp\lang\zh-cn.php
[ info ] [ ROUTE ] array (
  'type' => 'module',
  'module' => 
  array (
    0 => 'assets',
    1 => 'css',
    2 => 'backend.css.map',
  ),
)
[ info ] [ HEADER ] array (
  'cookie' => 'Hm_lvt_f8d0a8c400404989e195270b0bbf060a=1587370153; PHPSESSID=f8b8odrnls0k7insco62ruq8tt',
  'accept-language' => 'zh-CN,zh;q=0.9,en;q=0.8',
  'accept-encoding' => 'gzip, deflate',
  'user-agent' => 'Mozilla/5.0 (Windows NT 10.0; Win64; x64) AppleWebKit/537.36 (KHTML, like Gecko) Chrome/81.0.4044.129 Safari/537.36',
  'connection' => 'close',
  'host' => 'www.f1f2.com',
)
[ info ] [ PARAM ] array (
)
[ info ] [ LOG ] INIT File
---------------------------------------------------------------
[ 2020-05-08T10:29:02+08:00 ] 127.0.0.1 GET www.f1f2.com/assets/css/fastadmin.css.map
[运行时间：0.050537s] [吞吐率：19.79req/s] [内存消耗：1,674.30kb] [文件加载：106]
[ info ] [ BEHAVIOR ] Run Closure @app_init [ RunTime:0.000021s ]
[ info ] [ CACHE ] INIT File
[ info ] [ BEHAVIOR ] Run Closure @app_init [ RunTime:0.001685s ]
[ info ] [ LANG ] E:\phpStudy\PHPTutorial\WWW\jiacang\thinkphp\lang\zh-cn.php
[ info ] [ ROUTE ] array (
  'type' => 'module',
  'module' => 
  array (
    0 => 'assets',
    1 => 'css',
    2 => 'fastadmin.css.map',
  ),
)
[ info ] [ HEADER ] array (
  'cookie' => 'Hm_lvt_f8d0a8c400404989e195270b0bbf060a=1587370153; PHPSESSID=f8b8odrnls0k7insco62ruq8tt',
  'accept-language' => 'zh-CN,zh;q=0.9,en;q=0.8',
  'accept-encoding' => 'gzip, deflate',
  'user-agent' => 'Mozilla/5.0 (Windows NT 10.0; Win64; x64) AppleWebKit/537.36 (KHTML, like Gecko) Chrome/81.0.4044.129 Safari/537.36',
  'connection' => 'close',
  'host' => 'www.f1f2.com',
)
[ info ] [ PARAM ] array (
)
[ info ] [ LOG ] INIT File
---------------------------------------------------------------
[ 2020-05-08T10:29:02+08:00 ] 127.0.0.1 GET www.f1f2.com/assets/css/bootstrap.css.map
[运行时间：0.059650s] [吞吐率：16.76req/s] [内存消耗：1,674.30kb] [文件加载：106]
[ info ] [ BEHAVIOR ] Run Closure @app_init [ RunTime:0.000031s ]
[ info ] [ CACHE ] INIT File
[ info ] [ BEHAVIOR ] Run Closure @app_init [ RunTime:0.003058s ]
[ info ] [ LANG ] E:\phpStudy\PHPTutorial\WWW\jiacang\thinkphp\lang\zh-cn.php
[ info ] [ ROUTE ] array (
  'type' => 'module',
  'module' => 
  array (
    0 => 'assets',
    1 => 'css',
    2 => 'bootstrap.css.map',
  ),
)
[ info ] [ HEADER ] array (
  'cookie' => 'Hm_lvt_f8d0a8c400404989e195270b0bbf060a=1587370153; PHPSESSID=f8b8odrnls0k7insco62ruq8tt',
  'accept-language' => 'zh-CN,zh;q=0.9,en;q=0.8',
  'accept-encoding' => 'gzip, deflate',
  'user-agent' => 'Mozilla/5.0 (Windows NT 10.0; Win64; x64) AppleWebKit/537.36 (KHTML, like Gecko) Chrome/81.0.4044.129 Safari/537.36',
  'connection' => 'close',
  'host' => 'www.f1f2.com',
)
[ info ] [ PARAM ] array (
)
[ info ] [ LOG ] INIT File
---------------------------------------------------------------
[ 2020-05-08T10:29:02+08:00 ] 127.0.0.1 GET www.f1f2.com/assets/css/skins/skin-green.css.map
[运行时间：0.044601s] [吞吐率：22.42req/s] [内存消耗：1,674.30kb] [文件加载：106]
[ info ] [ BEHAVIOR ] Run Closure @app_init [ RunTime:0.000017s ]
[ info ] [ CACHE ] INIT File
[ info ] [ BEHAVIOR ] Run Closure @app_init [ RunTime:0.003762s ]
[ info ] [ LANG ] E:\phpStudy\PHPTutorial\WWW\jiacang\thinkphp\lang\zh-cn.php
[ info ] [ ROUTE ] array (
  'type' => 'module',
  'module' => 
  array (
    0 => 'assets',
    1 => 'css',
    2 => 'skins',
  ),
)
[ info ] [ HEADER ] array (
  'cookie' => 'Hm_lvt_f8d0a8c400404989e195270b0bbf060a=1587370153; PHPSESSID=f8b8odrnls0k7insco62ruq8tt',
  'accept-language' => 'zh-CN,zh;q=0.9,en;q=0.8',
  'accept-encoding' => 'gzip, deflate',
  'user-agent' => 'Mozilla/5.0 (Windows NT 10.0; Win64; x64) AppleWebKit/537.36 (KHTML, like Gecko) Chrome/81.0.4044.129 Safari/537.36',
  'connection' => 'close',
  'host' => 'www.f1f2.com',
)
[ info ] [ PARAM ] array (
)
[ info ] [ LOG ] INIT File
---------------------------------------------------------------
[ 2020-05-08T10:29:05+08:00 ] 127.0.0.1 GET www.f1f2.com/rWPFXdqobO.php/identify/ident?ref=addtabs
[运行时间：0.085510s] [吞吐率：11.69req/s] [内存消耗：3,308.48kb] [文件加载：129]
[ info ] [ BEHAVIOR ] Run Closure @app_init [ RunTime:0.000013s ]
[ info ] [ CACHE ] INIT File
[ info ] [ BEHAVIOR ] Run Closure @app_init [ RunTime:0.002051s ]
[ info ] [ LANG ] E:\phpStudy\PHPTutorial\WWW\jiacang\thinkphp\lang\zh-cn.php
[ info ] [ ROUTE ] array (
  'type' => 'module',
  'module' => 
  array (
    0 => 'admin',
    1 => 'identify.ident',
    2 => NULL,
  ),
)
[ info ] [ HEADER ] array (
  'cookie' => 'Hm_lvt_f8d0a8c400404989e195270b0bbf060a=1587370153; PHPSESSID=f8b8odrnls0k7insco62ruq8tt',
  'accept-language' => 'zh-CN,zh;q=0.9,en;q=0.8',
  'accept-encoding' => 'gzip, deflate',
  'referer' => 'http://www.f1f2.com/rWPFXdqobO.php/index/index',
  'accept' => 'text/html,application/xhtml+xml,application/xml;q=0.9,image/webp,image/apng,*/*;q=0.8,application/signed-exchange;v=b3;q=0.9',
  'user-agent' => 'Mozilla/5.0 (Windows NT 10.0; Win64; x64) AppleWebKit/537.36 (KHTML, like Gecko) Chrome/81.0.4044.129 Safari/537.36',
  'upgrade-insecure-requests' => '1',
  'connection' => 'close',
  'host' => 'www.f1f2.com',
)
[ info ] [ PARAM ] array (
  'ref' => 'addtabs',
)
[ info ] [ LANG ] E:\phpStudy\PHPTutorial\WWW\jiacang\public/../application/admin\lang\zh-cn.php
[ info ] [ BEHAVIOR ] Run app\common\behavior\Common @module_init [ RunTime:0.001272s ]
[ info ] [ SESSION ] INIT array (
  'id' => '',
  'var_session_id' => '',
  'prefix' => 'think',
  'type' => '',
  'auto_start' => true,
)
[ info ] [ DB ] INIT mysql
[ info ] [ BEHAVIOR ] Run app\admin\behavior\AdminLog @app_end [ RunTime:0.000196s ]
[ info ] [ LOG ] INIT File
---------------------------------------------------------------
[ 2020-05-08T10:29:05+08:00 ] 127.0.0.1 GET www.f1f2.com/rWPFXdqobO.php/index/index
[运行时间：0.144719s] [吞吐率：6.91req/s] [内存消耗：3,774.19kb] [文件加载：144]
[ info ] [ BEHAVIOR ] Run Closure @app_init [ RunTime:0.000017s ]
[ info ] [ CACHE ] INIT File
[ info ] [ BEHAVIOR ] Run Closure @app_init [ RunTime:0.002127s ]
[ info ] [ LANG ] E:\phpStudy\PHPTutorial\WWW\jiacang\thinkphp\lang\zh-cn.php
[ info ] [ ROUTE ] array (
  'type' => 'module',
  'module' => 
  array (
    0 => 'admin',
    1 => 'index',
    2 => 'index',
  ),
)
[ info ] [ HEADER ] array (
  'cookie' => 'Hm_lvt_f8d0a8c400404989e195270b0bbf060a=1587370153; PHPSESSID=f8b8odrnls0k7insco62ruq8tt',
  'accept-language' => 'zh-CN,zh;q=0.9,en;q=0.8',
  'accept-encoding' => 'gzip, deflate',
  'referer' => 'http://www.f1f2.com/rWPFXdqobO.php/index/index',
  'accept' => 'text/html,application/xhtml+xml,application/xml;q=0.9,image/webp,image/apng,*/*;q=0.8,application/signed-exchange;v=b3;q=0.9',
  'user-agent' => 'Mozilla/5.0 (Windows NT 10.0; Win64; x64) AppleWebKit/537.36 (KHTML, like Gecko) Chrome/81.0.4044.129 Safari/537.36',
  'upgrade-insecure-requests' => '1',
  'connection' => 'close',
  'host' => 'www.f1f2.com',
)
[ info ] [ PARAM ] array (
)
[ info ] [ LANG ] E:\phpStudy\PHPTutorial\WWW\jiacang\public/../application/admin\lang\zh-cn.php
[ info ] [ BEHAVIOR ] Run app\common\behavior\Common @module_init [ RunTime:0.001259s ]
[ info ] [ SESSION ] INIT array (
  'id' => '',
  'var_session_id' => '',
  'prefix' => 'think',
  'type' => '',
  'auto_start' => true,
)
[ info ] [ DB ] INIT mysql
[ info ] [ LANG ] E:\phpStudy\PHPTutorial\WWW\jiacang\public/../application/admin/lang/zh-cn/index.php
[ info ] [ RUN ] app\admin\controller\Index->index[ E:\phpStudy\PHPTutorial\WWW\jiacang\application\admin\controller\Index.php ]
[ info ] [ VIEW ] E:\phpStudy\PHPTutorial\WWW\jiacang\public/../application/admin\view\index\index.html [ array (
  0 => 'breadcrumb',
  1 => 'site',
  2 => 'config',
  3 => 'auth',
  4 => 'admin',
  5 => 'menulist',
  6 => 'navlist',
  7 => 'fixedmenu',
  8 => 'referermenu',
  9 => 'title',
) ]
[ info ] [ BEHAVIOR ] Run app\admin\behavior\AdminLog @app_end [ RunTime:0.000175s ]
[ info ] [ LOG ] INIT File
---------------------------------------------------------------
[ 2020-05-08T10:29:05+08:00 ] 127.0.0.1 GET www.f1f2.com/rWPFXdqobO.php/identify/ident?addtabs=1
[运行时间：0.163371s] [吞吐率：6.12req/s] [内存消耗：3,512.87kb] [文件加载：132]
[ info ] [ BEHAVIOR ] Run Closure @app_init [ RunTime:0.000023s ]
[ info ] [ CACHE ] INIT File
[ info ] [ BEHAVIOR ] Run Closure @app_init [ RunTime:0.003639s ]
[ info ] [ LANG ] E:\phpStudy\PHPTutorial\WWW\jiacang\thinkphp\lang\zh-cn.php
[ info ] [ ROUTE ] array (
  'type' => 'module',
  'module' => 
  array (
    0 => 'admin',
    1 => 'identify.ident',
    2 => NULL,
  ),
)
[ info ] [ HEADER ] array (
  'cookie' => 'Hm_lvt_f8d0a8c400404989e195270b0bbf060a=1587370153; PHPSESSID=f8b8odrnls0k7insco62ruq8tt',
  'accept-language' => 'zh-CN,zh;q=0.9,en;q=0.8',
  'accept-encoding' => 'gzip, deflate',
  'referer' => 'http://www.f1f2.com/rWPFXdqobO.php/index/index',
  'accept' => 'text/html,application/xhtml+xml,application/xml;q=0.9,image/webp,image/apng,*/*;q=0.8,application/signed-exchange;v=b3;q=0.9',
  'user-agent' => 'Mozilla/5.0 (Windows NT 10.0; Win64; x64) AppleWebKit/537.36 (KHTML, like Gecko) Chrome/81.0.4044.129 Safari/537.36',
  'upgrade-insecure-requests' => '1',
  'connection' => 'close',
  'host' => 'www.f1f2.com',
)
[ info ] [ PARAM ] array (
  'addtabs' => '1',
)
[ info ] [ LANG ] E:\phpStudy\PHPTutorial\WWW\jiacang\public/../application/admin\lang\zh-cn.php
[ info ] [ BEHAVIOR ] Run app\common\behavior\Common @module_init [ RunTime:0.002248s ]
[ info ] [ SESSION ] INIT array (
  'id' => '',
  'var_session_id' => '',
  'prefix' => 'think',
  'type' => '',
  'auto_start' => true,
)
[ info ] [ DB ] INIT mysql
[ info ] [ LANG ] E:\phpStudy\PHPTutorial\WWW\jiacang\public/../application/admin/lang/zh-cn/identify/ident.php
[ info ] [ RUN ] app\common\controller\Backend->index[ E:\phpStudy\PHPTutorial\WWW\jiacang\application\admin\library\traits\Backend.php ]
[ info ] [ VIEW ] E:\phpStudy\PHPTutorial\WWW\jiacang\public/../application/admin\view\identify\ident\index.html [ array (
  0 => 'breadcrumb',
  1 => 'site',
  2 => 'config',
  3 => 'auth',
  4 => 'admin',
) ]
[ info ] [ BEHAVIOR ] Run app\admin\behavior\AdminLog @app_end [ RunTime:0.000200s ]
[ info ] [ LOG ] INIT File
---------------------------------------------------------------
[ 2020-05-08T10:29:06+08:00 ] 127.0.0.1 GET www.f1f2.com/rWPFXdqobO.php/ajax/lang?callback=define&controllername=index&v=1588904945
[运行时间：0.195232s] [吞吐率：5.12req/s] [内存消耗：3,577.79kb] [文件加载：132]
[ info ] [ BEHAVIOR ] Run Closure @app_init [ RunTime:0.000021s ]
[ info ] [ CACHE ] INIT File
[ info ] [ BEHAVIOR ] Run Closure @app_init [ RunTime:0.003059s ]
[ info ] [ LANG ] E:\phpStudy\PHPTutorial\WWW\jiacang\thinkphp\lang\zh-cn.php
[ info ] [ ROUTE ] array (
  'type' => 'module',
  'module' => 
  array (
    0 => 'admin',
    1 => 'ajax',
    2 => 'lang',
  ),
)
[ info ] [ HEADER ] array (
  'cookie' => 'Hm_lvt_f8d0a8c400404989e195270b0bbf060a=1587370153; PHPSESSID=f8b8odrnls0k7insco62ruq8tt',
  'accept-language' => 'zh-CN,zh;q=0.9,en;q=0.8',
  'accept-encoding' => 'gzip, deflate',
  'referer' => 'http://www.f1f2.com/rWPFXdqobO.php/index/index',
  'accept' => '*/*',
  'user-agent' => 'Mozilla/5.0 (Windows NT 10.0; Win64; x64) AppleWebKit/537.36 (KHTML, like Gecko) Chrome/81.0.4044.129 Safari/537.36',
  'connection' => 'close',
  'host' => 'www.f1f2.com',
)
[ info ] [ PARAM ] array (
  'callback' => 'define',
  'controllername' => 'index',
  'v' => '1588904945',
)
[ info ] [ LANG ] E:\phpStudy\PHPTutorial\WWW\jiacang\public/../application/admin\lang\zh-cn.php
[ info ] [ BEHAVIOR ] Run app\common\behavior\Common @module_init [ RunTime:0.001384s ]
[ info ] [ SESSION ] INIT array (
  'id' => '',
  'var_session_id' => '',
  'prefix' => 'think',
  'type' => '',
  'auto_start' => true,
)
[ info ] [ DB ] INIT mysql
[ info ] [ LANG ] E:\phpStudy\PHPTutorial\WWW\jiacang\public/../application/admin/lang/zh-cn/ajax.php
[ info ] [ RUN ] app\admin\controller\Ajax->lang[ E:\phpStudy\PHPTutorial\WWW\jiacang\application\admin\controller\Ajax.php ]
[ info ] [ LANG ] E:\phpStudy\PHPTutorial\WWW\jiacang\public/../application/admin/lang/zh-cn/index.php
[ info ] [ BEHAVIOR ] Run app\admin\behavior\AdminLog @app_end [ RunTime:0.000156s ]
[ info ] [ LOG ] INIT File
---------------------------------------------------------------
[ 2020-05-08T10:29:06+08:00 ] 127.0.0.1 GET www.f1f2.com/rWPFXdqobO.php/ajax/lang?callback=define&controllername=identify.ident&v=1588904945
[运行时间：0.150495s] [吞吐率：6.64req/s] [内存消耗：3,574.20kb] [文件加载：132]
[ info ] [ BEHAVIOR ] Run Closure @app_init [ RunTime:0.000020s ]
[ info ] [ CACHE ] INIT File
[ info ] [ BEHAVIOR ] Run Closure @app_init [ RunTime:0.003380s ]
[ info ] [ LANG ] E:\phpStudy\PHPTutorial\WWW\jiacang\thinkphp\lang\zh-cn.php
[ info ] [ ROUTE ] array (
  'type' => 'module',
  'module' => 
  array (
    0 => 'admin',
    1 => 'ajax',
    2 => 'lang',
  ),
)
[ info ] [ HEADER ] array (
  'cookie' => 'Hm_lvt_f8d0a8c400404989e195270b0bbf060a=1587370153; PHPSESSID=f8b8odrnls0k7insco62ruq8tt',
  'accept-language' => 'zh-CN,zh;q=0.9,en;q=0.8',
  'accept-encoding' => 'gzip, deflate',
  'referer' => 'http://www.f1f2.com/rWPFXdqobO.php/identify/ident?addtabs=1',
  'accept' => '*/*',
  'user-agent' => 'Mozilla/5.0 (Windows NT 10.0; Win64; x64) AppleWebKit/537.36 (KHTML, like Gecko) Chrome/81.0.4044.129 Safari/537.36',
  'connection' => 'close',
  'host' => 'www.f1f2.com',
)
[ info ] [ PARAM ] array (
  'callback' => 'define',
  'controllername' => 'identify.ident',
  'v' => '1588904945',
)
[ info ] [ LANG ] E:\phpStudy\PHPTutorial\WWW\jiacang\public/../application/admin\lang\zh-cn.php
[ info ] [ BEHAVIOR ] Run app\common\behavior\Common @module_init [ RunTime:0.001240s ]
[ info ] [ SESSION ] INIT array (
  'id' => '',
  'var_session_id' => '',
  'prefix' => 'think',
  'type' => '',
  'auto_start' => true,
)
[ info ] [ DB ] INIT mysql
[ info ] [ LANG ] E:\phpStudy\PHPTutorial\WWW\jiacang\public/../application/admin/lang/zh-cn/ajax.php
[ info ] [ RUN ] app\admin\controller\Ajax->lang[ E:\phpStudy\PHPTutorial\WWW\jiacang\application\admin\controller\Ajax.php ]
[ info ] [ LANG ] E:\phpStudy\PHPTutorial\WWW\jiacang\public/../application/admin/lang/zh-cn/identify/ident.php
[ info ] [ BEHAVIOR ] Run app\admin\behavior\AdminLog @app_end [ RunTime:0.000266s ]
[ info ] [ LOG ] INIT File
---------------------------------------------------------------
[ 2020-05-08T10:29:09+08:00 ] 127.0.0.1 GET www.f1f2.com/assets/css/bootstrap.css.map
[运行时间：0.051698s] [吞吐率：19.34req/s] [内存消耗：1,674.30kb] [文件加载：106]
[ info ] [ BEHAVIOR ] Run Closure @app_init [ RunTime:0.000027s ]
[ info ] [ CACHE ] INIT File
[ info ] [ BEHAVIOR ] Run Closure @app_init [ RunTime:0.009144s ]
[ info ] [ LANG ] E:\phpStudy\PHPTutorial\WWW\jiacang\thinkphp\lang\zh-cn.php
[ info ] [ ROUTE ] array (
  'type' => 'module',
  'module' => 
  array (
    0 => 'assets',
    1 => 'css',
    2 => 'bootstrap.css.map',
  ),
)
[ info ] [ HEADER ] array (
  'cookie' => 'Hm_lvt_f8d0a8c400404989e195270b0bbf060a=1587370153; PHPSESSID=f8b8odrnls0k7insco62ruq8tt',
  'accept-language' => 'zh-CN,zh;q=0.9,en;q=0.8',
  'accept-encoding' => 'gzip, deflate',
  'user-agent' => 'Mozilla/5.0 (Windows NT 10.0; Win64; x64) AppleWebKit/537.36 (KHTML, like Gecko) Chrome/81.0.4044.129 Safari/537.36',
  'connection' => 'close',
  'host' => 'www.f1f2.com',
)
[ info ] [ PARAM ] array (
)
[ info ] [ LOG ] INIT File
---------------------------------------------------------------
[ 2020-05-08T10:29:09+08:00 ] 127.0.0.1 GET www.f1f2.com/assets/css/backend.css.map
[运行时间：0.071999s] [吞吐率：13.89req/s] [内存消耗：1,674.27kb] [文件加载：106]
[ info ] [ BEHAVIOR ] Run Closure @app_init [ RunTime:0.000025s ]
[ info ] [ CACHE ] INIT File
[ info ] [ BEHAVIOR ] Run Closure @app_init [ RunTime:0.018508s ]
[ info ] [ LANG ] E:\phpStudy\PHPTutorial\WWW\jiacang\thinkphp\lang\zh-cn.php
[ info ] [ ROUTE ] array (
  'type' => 'module',
  'module' => 
  array (
    0 => 'assets',
    1 => 'css',
    2 => 'backend.css.map',
  ),
)
[ info ] [ HEADER ] array (
  'cookie' => 'Hm_lvt_f8d0a8c400404989e195270b0bbf060a=1587370153; PHPSESSID=f8b8odrnls0k7insco62ruq8tt',
  'accept-language' => 'zh-CN,zh;q=0.9,en;q=0.8',
  'accept-encoding' => 'gzip, deflate',
  'user-agent' => 'Mozilla/5.0 (Windows NT 10.0; Win64; x64) AppleWebKit/537.36 (KHTML, like Gecko) Chrome/81.0.4044.129 Safari/537.36',
  'connection' => 'close',
  'host' => 'www.f1f2.com',
)
[ info ] [ PARAM ] array (
)
[ info ] [ LOG ] INIT File
---------------------------------------------------------------
[ 2020-05-08T10:29:09+08:00 ] 127.0.0.1 GET www.f1f2.com/assets/css/fastadmin.css.map
[运行时间：0.050881s] [吞吐率：19.65req/s] [内存消耗：1,674.30kb] [文件加载：106]
[ info ] [ BEHAVIOR ] Run Closure @app_init [ RunTime:0.000023s ]
[ info ] [ CACHE ] INIT File
[ info ] [ BEHAVIOR ] Run Closure @app_init [ RunTime:0.003950s ]
[ info ] [ LANG ] E:\phpStudy\PHPTutorial\WWW\jiacang\thinkphp\lang\zh-cn.php
[ info ] [ ROUTE ] array (
  'type' => 'module',
  'module' => 
  array (
    0 => 'assets',
    1 => 'css',
    2 => 'fastadmin.css.map',
  ),
)
[ info ] [ HEADER ] array (
  'cookie' => 'Hm_lvt_f8d0a8c400404989e195270b0bbf060a=1587370153; PHPSESSID=f8b8odrnls0k7insco62ruq8tt',
  'accept-language' => 'zh-CN,zh;q=0.9,en;q=0.8',
  'accept-encoding' => 'gzip, deflate',
  'user-agent' => 'Mozilla/5.0 (Windows NT 10.0; Win64; x64) AppleWebKit/537.36 (KHTML, like Gecko) Chrome/81.0.4044.129 Safari/537.36',
  'connection' => 'close',
  'host' => 'www.f1f2.com',
)
[ info ] [ PARAM ] array (
)
[ info ] [ LOG ] INIT File
---------------------------------------------------------------
[ 2020-05-08T10:29:10+08:00 ] 127.0.0.1 GET www.f1f2.com/assets/css/skins/skin-green.css.map
[运行时间：0.027392s] [吞吐率：36.51req/s] [内存消耗：1,674.30kb] [文件加载：106]
[ info ] [ BEHAVIOR ] Run Closure @app_init [ RunTime:0.000015s ]
[ info ] [ CACHE ] INIT File
[ info ] [ BEHAVIOR ] Run Closure @app_init [ RunTime:0.002130s ]
[ info ] [ LANG ] E:\phpStudy\PHPTutorial\WWW\jiacang\thinkphp\lang\zh-cn.php
[ info ] [ ROUTE ] array (
  'type' => 'module',
  'module' => 
  array (
    0 => 'assets',
    1 => 'css',
    2 => 'skins',
  ),
)
[ info ] [ HEADER ] array (
  'cookie' => 'Hm_lvt_f8d0a8c400404989e195270b0bbf060a=1587370153; PHPSESSID=f8b8odrnls0k7insco62ruq8tt',
  'accept-language' => 'zh-CN,zh;q=0.9,en;q=0.8',
  'accept-encoding' => 'gzip, deflate',
  'user-agent' => 'Mozilla/5.0 (Windows NT 10.0; Win64; x64) AppleWebKit/537.36 (KHTML, like Gecko) Chrome/81.0.4044.129 Safari/537.36',
  'connection' => 'close',
  'host' => 'www.f1f2.com',
)
[ info ] [ PARAM ] array (
)
[ info ] [ LOG ] INIT File
---------------------------------------------------------------
[ 2020-05-08T10:29:11+08:00 ] 127.0.0.1 GET www.f1f2.com/rWPFXdqobO.php/index/index
[运行时间：0.141109s] [吞吐率：7.09req/s] [内存消耗：3,773.11kb] [文件加载：144]
[ info ] [ BEHAVIOR ] Run Closure @app_init [ RunTime:0.000017s ]
[ info ] [ CACHE ] INIT File
[ info ] [ BEHAVIOR ] Run Closure @app_init [ RunTime:0.002170s ]
[ info ] [ LANG ] E:\phpStudy\PHPTutorial\WWW\jiacang\thinkphp\lang\zh-cn.php
[ info ] [ ROUTE ] array (
  'type' => 'module',
  'module' => 
  array (
    0 => 'admin',
    1 => 'index',
    2 => 'index',
  ),
)
[ info ] [ HEADER ] array (
  'cookie' => 'Hm_lvt_f8d0a8c400404989e195270b0bbf060a=1587370153; PHPSESSID=f8b8odrnls0k7insco62ruq8tt',
  'accept-language' => 'zh-CN,zh;q=0.9,en;q=0.8',
  'accept-encoding' => 'gzip, deflate',
  'referer' => 'http://www.f1f2.com/rWPFXdqobO.php/index/index',
  'accept' => 'text/html,application/xhtml+xml,application/xml;q=0.9,image/webp,image/apng,*/*;q=0.8,application/signed-exchange;v=b3;q=0.9',
  'user-agent' => 'Mozilla/5.0 (Windows NT 10.0; Win64; x64) AppleWebKit/537.36 (KHTML, like Gecko) Chrome/81.0.4044.129 Safari/537.36',
  'upgrade-insecure-requests' => '1',
  'cache-control' => 'max-age=0',
  'connection' => 'close',
  'host' => 'www.f1f2.com',
)
[ info ] [ PARAM ] array (
)
[ info ] [ LANG ] E:\phpStudy\PHPTutorial\WWW\jiacang\public/../application/admin\lang\zh-cn.php
[ info ] [ BEHAVIOR ] Run app\common\behavior\Common @module_init [ RunTime:0.002727s ]
[ info ] [ SESSION ] INIT array (
  'id' => '',
  'var_session_id' => '',
  'prefix' => 'think',
  'type' => '',
  'auto_start' => true,
)
[ info ] [ DB ] INIT mysql
[ info ] [ LANG ] E:\phpStudy\PHPTutorial\WWW\jiacang\public/../application/admin/lang/zh-cn/index.php
[ info ] [ RUN ] app\admin\controller\Index->index[ E:\phpStudy\PHPTutorial\WWW\jiacang\application\admin\controller\Index.php ]
[ info ] [ VIEW ] E:\phpStudy\PHPTutorial\WWW\jiacang\public/../application/admin\view\index\index.html [ array (
  0 => 'breadcrumb',
  1 => 'site',
  2 => 'config',
  3 => 'auth',
  4 => 'admin',
  5 => 'menulist',
  6 => 'navlist',
  7 => 'fixedmenu',
  8 => 'referermenu',
  9 => 'title',
) ]
[ info ] [ BEHAVIOR ] Run app\admin\behavior\AdminLog @app_end [ RunTime:0.000156s ]
[ info ] [ LOG ] INIT File
---------------------------------------------------------------
[ 2020-05-08T10:29:11+08:00 ] 127.0.0.1 GET www.f1f2.com/assets/css/bootstrap.css.map
[运行时间：0.042441s] [吞吐率：23.56req/s] [内存消耗：1,674.30kb] [文件加载：106]
[ info ] [ BEHAVIOR ] Run Closure @app_init [ RunTime:0.000023s ]
[ info ] [ CACHE ] INIT File
[ info ] [ BEHAVIOR ] Run Closure @app_init [ RunTime:0.004264s ]
[ info ] [ LANG ] E:\phpStudy\PHPTutorial\WWW\jiacang\thinkphp\lang\zh-cn.php
[ info ] [ ROUTE ] array (
  'type' => 'module',
  'module' => 
  array (
    0 => 'assets',
    1 => 'css',
    2 => 'bootstrap.css.map',
  ),
)
[ info ] [ HEADER ] array (
  'cookie' => 'Hm_lvt_f8d0a8c400404989e195270b0bbf060a=1587370153; PHPSESSID=f8b8odrnls0k7insco62ruq8tt',
  'accept-language' => 'zh-CN,zh;q=0.9,en;q=0.8',
  'accept-encoding' => 'gzip, deflate',
  'user-agent' => 'Mozilla/5.0 (Windows NT 10.0; Win64; x64) AppleWebKit/537.36 (KHTML, like Gecko) Chrome/81.0.4044.129 Safari/537.36',
  'connection' => 'close',
  'host' => 'www.f1f2.com',
)
[ info ] [ PARAM ] array (
)
[ info ] [ LOG ] INIT File
---------------------------------------------------------------
[ 2020-05-08T10:29:11+08:00 ] 127.0.0.1 GET www.f1f2.com/assets/css/skins/skin-green.css.map
[运行时间：0.049035s] [吞吐率：20.39req/s] [内存消耗：1,674.30kb] [文件加载：106]
[ info ] [ BEHAVIOR ] Run Closure @app_init [ RunTime:0.000019s ]
[ info ] [ CACHE ] INIT File
[ info ] [ BEHAVIOR ] Run Closure @app_init [ RunTime:0.008867s ]
[ info ] [ LANG ] E:\phpStudy\PHPTutorial\WWW\jiacang\thinkphp\lang\zh-cn.php
[ info ] [ ROUTE ] array (
  'type' => 'module',
  'module' => 
  array (
    0 => 'assets',
    1 => 'css',
    2 => 'skins',
  ),
)
[ info ] [ HEADER ] array (
  'cookie' => 'Hm_lvt_f8d0a8c400404989e195270b0bbf060a=1587370153; PHPSESSID=f8b8odrnls0k7insco62ruq8tt',
  'accept-language' => 'zh-CN,zh;q=0.9,en;q=0.8',
  'accept-encoding' => 'gzip, deflate',
  'user-agent' => 'Mozilla/5.0 (Windows NT 10.0; Win64; x64) AppleWebKit/537.36 (KHTML, like Gecko) Chrome/81.0.4044.129 Safari/537.36',
  'connection' => 'close',
  'host' => 'www.f1f2.com',
)
[ info ] [ PARAM ] array (
)
[ info ] [ LOG ] INIT File
---------------------------------------------------------------
[ 2020-05-08T10:29:11+08:00 ] 127.0.0.1 GET www.f1f2.com/assets/css/backend.css.map
[运行时间：0.062226s] [吞吐率：16.07req/s] [内存消耗：1,674.27kb] [文件加载：106]
[ info ] [ BEHAVIOR ] Run Closure @app_init [ RunTime:0.000022s ]
[ info ] [ CACHE ] INIT File
[ info ] [ BEHAVIOR ] Run Closure @app_init [ RunTime:0.008398s ]
[ info ] [ LANG ] E:\phpStudy\PHPTutorial\WWW\jiacang\thinkphp\lang\zh-cn.php
[ info ] [ ROUTE ] array (
  'type' => 'module',
  'module' => 
  array (
    0 => 'assets',
    1 => 'css',
    2 => 'backend.css.map',
  ),
)
[ info ] [ HEADER ] array (
  'cookie' => 'Hm_lvt_f8d0a8c400404989e195270b0bbf060a=1587370153; PHPSESSID=f8b8odrnls0k7insco62ruq8tt',
  'accept-language' => 'zh-CN,zh;q=0.9,en;q=0.8',
  'accept-encoding' => 'gzip, deflate',
  'user-agent' => 'Mozilla/5.0 (Windows NT 10.0; Win64; x64) AppleWebKit/537.36 (KHTML, like Gecko) Chrome/81.0.4044.129 Safari/537.36',
  'connection' => 'close',
  'host' => 'www.f1f2.com',
)
[ info ] [ PARAM ] array (
)
[ info ] [ LOG ] INIT File
---------------------------------------------------------------
[ 2020-05-08T10:29:11+08:00 ] 127.0.0.1 GET www.f1f2.com/rWPFXdqobO.php/ajax/lang?callback=define&controllername=index&v=1588904951
[运行时间：0.121846s] [吞吐率：8.21req/s] [内存消耗：3,577.79kb] [文件加载：132]
[ info ] [ BEHAVIOR ] Run Closure @app_init [ RunTime:0.000018s ]
[ info ] [ CACHE ] INIT File
[ info ] [ BEHAVIOR ] Run Closure @app_init [ RunTime:0.003873s ]
[ info ] [ LANG ] E:\phpStudy\PHPTutorial\WWW\jiacang\thinkphp\lang\zh-cn.php
[ info ] [ ROUTE ] array (
  'type' => 'module',
  'module' => 
  array (
    0 => 'admin',
    1 => 'ajax',
    2 => 'lang',
  ),
)
[ info ] [ HEADER ] array (
  'cookie' => 'Hm_lvt_f8d0a8c400404989e195270b0bbf060a=1587370153; PHPSESSID=f8b8odrnls0k7insco62ruq8tt',
  'accept-language' => 'zh-CN,zh;q=0.9,en;q=0.8',
  'accept-encoding' => 'gzip, deflate',
  'referer' => 'http://www.f1f2.com/rWPFXdqobO.php/index/index',
  'accept' => '*/*',
  'user-agent' => 'Mozilla/5.0 (Windows NT 10.0; Win64; x64) AppleWebKit/537.36 (KHTML, like Gecko) Chrome/81.0.4044.129 Safari/537.36',
  'connection' => 'close',
  'host' => 'www.f1f2.com',
)
[ info ] [ PARAM ] array (
  'callback' => 'define',
  'controllername' => 'index',
  'v' => '1588904951',
)
[ info ] [ LANG ] E:\phpStudy\PHPTutorial\WWW\jiacang\public/../application/admin\lang\zh-cn.php
[ info ] [ BEHAVIOR ] Run app\common\behavior\Common @module_init [ RunTime:0.002226s ]
[ info ] [ SESSION ] INIT array (
  'id' => '',
  'var_session_id' => '',
  'prefix' => 'think',
  'type' => '',
  'auto_start' => true,
)
[ info ] [ DB ] INIT mysql
[ info ] [ LANG ] E:\phpStudy\PHPTutorial\WWW\jiacang\public/../application/admin/lang/zh-cn/ajax.php
[ info ] [ RUN ] app\admin\controller\Ajax->lang[ E:\phpStudy\PHPTutorial\WWW\jiacang\application\admin\controller\Ajax.php ]
[ info ] [ LANG ] E:\phpStudy\PHPTutorial\WWW\jiacang\public/../application/admin/lang/zh-cn/index.php
[ info ] [ BEHAVIOR ] Run app\admin\behavior\AdminLog @app_end [ RunTime:0.000178s ]
[ info ] [ LOG ] INIT File
---------------------------------------------------------------
[ 2020-05-08T10:29:12+08:00 ] 127.0.0.1 GET www.f1f2.com/assets/css/fastadmin.css.map
[运行时间：0.026814s] [吞吐率：37.29req/s] [内存消耗：1,674.30kb] [文件加载：106]
[ info ] [ BEHAVIOR ] Run Closure @app_init [ RunTime:0.000015s ]
[ info ] [ CACHE ] INIT File
[ info ] [ BEHAVIOR ] Run Closure @app_init [ RunTime:0.002217s ]
[ info ] [ LANG ] E:\phpStudy\PHPTutorial\WWW\jiacang\thinkphp\lang\zh-cn.php
[ info ] [ ROUTE ] array (
  'type' => 'module',
  'module' => 
  array (
    0 => 'assets',
    1 => 'css',
    2 => 'fastadmin.css.map',
  ),
)
[ info ] [ HEADER ] array (
  'cookie' => 'Hm_lvt_f8d0a8c400404989e195270b0bbf060a=1587370153; PHPSESSID=f8b8odrnls0k7insco62ruq8tt',
  'accept-language' => 'zh-CN,zh;q=0.9,en;q=0.8',
  'accept-encoding' => 'gzip, deflate',
  'user-agent' => 'Mozilla/5.0 (Windows NT 10.0; Win64; x64) AppleWebKit/537.36 (KHTML, like Gecko) Chrome/81.0.4044.129 Safari/537.36',
  'connection' => 'close',
  'host' => 'www.f1f2.com',
)
[ info ] [ PARAM ] array (
)
[ info ] [ LOG ] INIT File
---------------------------------------------------------------
[ 2020-05-08T10:29:18+08:00 ] 127.0.0.1 GET www.f1f2.com/rWPFXdqobO.php/identify/ident?ref=addtabs
[运行时间：0.108845s] [吞吐率：9.19req/s] [内存消耗：3,308.48kb] [文件加载：129]
[ info ] [ BEHAVIOR ] Run Closure @app_init [ RunTime:0.000014s ]
[ info ] [ CACHE ] INIT File
[ info ] [ BEHAVIOR ] Run Closure @app_init [ RunTime:0.003476s ]
[ info ] [ LANG ] E:\phpStudy\PHPTutorial\WWW\jiacang\thinkphp\lang\zh-cn.php
[ info ] [ ROUTE ] array (
  'type' => 'module',
  'module' => 
  array (
    0 => 'admin',
    1 => 'identify.ident',
    2 => NULL,
  ),
)
[ info ] [ HEADER ] array (
  'cookie' => 'Hm_lvt_f8d0a8c400404989e195270b0bbf060a=1587370153; PHPSESSID=f8b8odrnls0k7insco62ruq8tt',
  'accept-language' => 'zh-CN,zh;q=0.9,en;q=0.8',
  'accept-encoding' => 'gzip, deflate',
  'referer' => 'http://www.f1f2.com/rWPFXdqobO.php/index/index',
  'accept' => 'text/html,application/xhtml+xml,application/xml;q=0.9,image/webp,image/apng,*/*;q=0.8,application/signed-exchange;v=b3;q=0.9',
  'user-agent' => 'Mozilla/5.0 (Windows NT 10.0; Win64; x64) AppleWebKit/537.36 (KHTML, like Gecko) Chrome/81.0.4044.129 Safari/537.36',
  'upgrade-insecure-requests' => '1',
  'connection' => 'close',
  'host' => 'www.f1f2.com',
)
[ info ] [ PARAM ] array (
  'ref' => 'addtabs',
)
[ info ] [ LANG ] E:\phpStudy\PHPTutorial\WWW\jiacang\public/../application/admin\lang\zh-cn.php
[ info ] [ BEHAVIOR ] Run app\common\behavior\Common @module_init [ RunTime:0.001228s ]
[ info ] [ SESSION ] INIT array (
  'id' => '',
  'var_session_id' => '',
  'prefix' => 'think',
  'type' => '',
  'auto_start' => true,
)
[ info ] [ DB ] INIT mysql
[ info ] [ BEHAVIOR ] Run app\admin\behavior\AdminLog @app_end [ RunTime:0.000164s ]
[ info ] [ LOG ] INIT File
---------------------------------------------------------------
[ 2020-05-08T10:29:18+08:00 ] 127.0.0.1 GET www.f1f2.com/rWPFXdqobO.php/index/index
[运行时间：0.134582s] [吞吐率：7.43req/s] [内存消耗：3,774.19kb] [文件加载：144]
[ info ] [ BEHAVIOR ] Run Closure @app_init [ RunTime:0.000017s ]
[ info ] [ CACHE ] INIT File
[ info ] [ BEHAVIOR ] Run Closure @app_init [ RunTime:0.002119s ]
[ info ] [ LANG ] E:\phpStudy\PHPTutorial\WWW\jiacang\thinkphp\lang\zh-cn.php
[ info ] [ ROUTE ] array (
  'type' => 'module',
  'module' => 
  array (
    0 => 'admin',
    1 => 'index',
    2 => 'index',
  ),
)
[ info ] [ HEADER ] array (
  'cookie' => 'Hm_lvt_f8d0a8c400404989e195270b0bbf060a=1587370153; PHPSESSID=f8b8odrnls0k7insco62ruq8tt',
  'accept-language' => 'zh-CN,zh;q=0.9,en;q=0.8',
  'accept-encoding' => 'gzip, deflate',
  'referer' => 'http://www.f1f2.com/rWPFXdqobO.php/index/index',
  'accept' => 'text/html,application/xhtml+xml,application/xml;q=0.9,image/webp,image/apng,*/*;q=0.8,application/signed-exchange;v=b3;q=0.9',
  'user-agent' => 'Mozilla/5.0 (Windows NT 10.0; Win64; x64) AppleWebKit/537.36 (KHTML, like Gecko) Chrome/81.0.4044.129 Safari/537.36',
  'upgrade-insecure-requests' => '1',
  'connection' => 'close',
  'host' => 'www.f1f2.com',
)
[ info ] [ PARAM ] array (
)
[ info ] [ LANG ] E:\phpStudy\PHPTutorial\WWW\jiacang\public/../application/admin\lang\zh-cn.php
[ info ] [ BEHAVIOR ] Run app\common\behavior\Common @module_init [ RunTime:0.001312s ]
[ info ] [ SESSION ] INIT array (
  'id' => '',
  'var_session_id' => '',
  'prefix' => 'think',
  'type' => '',
  'auto_start' => true,
)
[ info ] [ DB ] INIT mysql
[ info ] [ LANG ] E:\phpStudy\PHPTutorial\WWW\jiacang\public/../application/admin/lang/zh-cn/index.php
[ info ] [ RUN ] app\admin\controller\Index->index[ E:\phpStudy\PHPTutorial\WWW\jiacang\application\admin\controller\Index.php ]
[ info ] [ VIEW ] E:\phpStudy\PHPTutorial\WWW\jiacang\public/../application/admin\view\index\index.html [ array (
  0 => 'breadcrumb',
  1 => 'site',
  2 => 'config',
  3 => 'auth',
  4 => 'admin',
  5 => 'menulist',
  6 => 'navlist',
  7 => 'fixedmenu',
  8 => 'referermenu',
  9 => 'title',
) ]
[ info ] [ BEHAVIOR ] Run app\admin\behavior\AdminLog @app_end [ RunTime:0.000284s ]
[ info ] [ LOG ] INIT File
---------------------------------------------------------------
[ 2020-05-08T10:29:19+08:00 ] 127.0.0.1 GET www.f1f2.com/rWPFXdqobO.php/identify/ident?addtabs=1
[运行时间：0.140007s] [吞吐率：7.14req/s] [内存消耗：3,512.87kb] [文件加载：132]
[ info ] [ BEHAVIOR ] Run Closure @app_init [ RunTime:0.000030s ]
[ info ] [ CACHE ] INIT File
[ info ] [ BEHAVIOR ] Run Closure @app_init [ RunTime:0.005473s ]
[ info ] [ LANG ] E:\phpStudy\PHPTutorial\WWW\jiacang\thinkphp\lang\zh-cn.php
[ info ] [ ROUTE ] array (
  'type' => 'module',
  'module' => 
  array (
    0 => 'admin',
    1 => 'identify.ident',
    2 => NULL,
  ),
)
[ info ] [ HEADER ] array (
  'cookie' => 'Hm_lvt_f8d0a8c400404989e195270b0bbf060a=1587370153; PHPSESSID=f8b8odrnls0k7insco62ruq8tt',
  'accept-language' => 'zh-CN,zh;q=0.9,en;q=0.8',
  'accept-encoding' => 'gzip, deflate',
  'referer' => 'http://www.f1f2.com/rWPFXdqobO.php/index/index',
  'accept' => 'text/html,application/xhtml+xml,application/xml;q=0.9,image/webp,image/apng,*/*;q=0.8,application/signed-exchange;v=b3;q=0.9',
  'user-agent' => 'Mozilla/5.0 (Windows NT 10.0; Win64; x64) AppleWebKit/537.36 (KHTML, like Gecko) Chrome/81.0.4044.129 Safari/537.36',
  'upgrade-insecure-requests' => '1',
  'connection' => 'close',
  'host' => 'www.f1f2.com',
)
[ info ] [ PARAM ] array (
  'addtabs' => '1',
)
[ info ] [ LANG ] E:\phpStudy\PHPTutorial\WWW\jiacang\public/../application/admin\lang\zh-cn.php
[ info ] [ BEHAVIOR ] Run app\common\behavior\Common @module_init [ RunTime:0.002426s ]
[ info ] [ SESSION ] INIT array (
  'id' => '',
  'var_session_id' => '',
  'prefix' => 'think',
  'type' => '',
  'auto_start' => true,
)
[ info ] [ DB ] INIT mysql
[ info ] [ LANG ] E:\phpStudy\PHPTutorial\WWW\jiacang\public/../application/admin/lang/zh-cn/identify/ident.php
[ info ] [ RUN ] app\common\controller\Backend->index[ E:\phpStudy\PHPTutorial\WWW\jiacang\application\admin\library\traits\Backend.php ]
[ info ] [ VIEW ] E:\phpStudy\PHPTutorial\WWW\jiacang\public/../application/admin\view\identify\ident\index.html [ array (
  0 => 'breadcrumb',
  1 => 'site',
  2 => 'config',
  3 => 'auth',
  4 => 'admin',
) ]
[ info ] [ BEHAVIOR ] Run app\admin\behavior\AdminLog @app_end [ RunTime:0.000366s ]
[ info ] [ LOG ] INIT File
---------------------------------------------------------------
[ 2020-05-08T10:29:19+08:00 ] 127.0.0.1 GET www.f1f2.com/assets/css/backend.css.map
[运行时间：0.047939s] [吞吐率：20.86req/s] [内存消耗：1,674.27kb] [文件加载：106]
[ info ] [ BEHAVIOR ] Run Closure @app_init [ RunTime:0.000024s ]
[ info ] [ CACHE ] INIT File
[ info ] [ BEHAVIOR ] Run Closure @app_init [ RunTime:0.004264s ]
[ info ] [ LANG ] E:\phpStudy\PHPTutorial\WWW\jiacang\thinkphp\lang\zh-cn.php
[ info ] [ ROUTE ] array (
  'type' => 'module',
  'module' => 
  array (
    0 => 'assets',
    1 => 'css',
    2 => 'backend.css.map',
  ),
)
[ info ] [ HEADER ] array (
  'cookie' => 'Hm_lvt_f8d0a8c400404989e195270b0bbf060a=1587370153; PHPSESSID=f8b8odrnls0k7insco62ruq8tt',
  'accept-language' => 'zh-CN,zh;q=0.9,en;q=0.8',
  'accept-encoding' => 'gzip, deflate',
  'user-agent' => 'Mozilla/5.0 (Windows NT 10.0; Win64; x64) AppleWebKit/537.36 (KHTML, like Gecko) Chrome/81.0.4044.129 Safari/537.36',
  'connection' => 'close',
  'host' => 'www.f1f2.com',
)
[ info ] [ PARAM ] array (
)
[ info ] [ LOG ] INIT File
---------------------------------------------------------------
[ 2020-05-08T10:29:19+08:00 ] 127.0.0.1 GET www.f1f2.com/assets/css/bootstrap.css.map
[运行时间：0.047616s] [吞吐率：21.00req/s] [内存消耗：1,674.30kb] [文件加载：106]
[ info ] [ BEHAVIOR ] Run Closure @app_init [ RunTime:0.000019s ]
[ info ] [ CACHE ] INIT File
[ info ] [ BEHAVIOR ] Run Closure @app_init [ RunTime:0.004825s ]
[ info ] [ LANG ] E:\phpStudy\PHPTutorial\WWW\jiacang\thinkphp\lang\zh-cn.php
[ info ] [ ROUTE ] array (
  'type' => 'module',
  'module' => 
  array (
    0 => 'assets',
    1 => 'css',
    2 => 'bootstrap.css.map',
  ),
)
[ info ] [ HEADER ] array (
  'cookie' => 'Hm_lvt_f8d0a8c400404989e195270b0bbf060a=1587370153; PHPSESSID=f8b8odrnls0k7insco62ruq8tt',
  'accept-language' => 'zh-CN,zh;q=0.9,en;q=0.8',
  'accept-encoding' => 'gzip, deflate',
  'user-agent' => 'Mozilla/5.0 (Windows NT 10.0; Win64; x64) AppleWebKit/537.36 (KHTML, like Gecko) Chrome/81.0.4044.129 Safari/537.36',
  'connection' => 'close',
  'host' => 'www.f1f2.com',
)
[ info ] [ PARAM ] array (
)
[ info ] [ LOG ] INIT File
---------------------------------------------------------------
[ 2020-05-08T10:29:19+08:00 ] 127.0.0.1 GET www.f1f2.com/assets/css/fastadmin.css.map
[运行时间：0.049144s] [吞吐率：20.35req/s] [内存消耗：1,674.30kb] [文件加载：106]
[ info ] [ BEHAVIOR ] Run Closure @app_init [ RunTime:0.000021s ]
[ info ] [ CACHE ] INIT File
[ info ] [ BEHAVIOR ] Run Closure @app_init [ RunTime:0.004213s ]
[ info ] [ LANG ] E:\phpStudy\PHPTutorial\WWW\jiacang\thinkphp\lang\zh-cn.php
[ info ] [ ROUTE ] array (
  'type' => 'module',
  'module' => 
  array (
    0 => 'assets',
    1 => 'css',
    2 => 'fastadmin.css.map',
  ),
)
[ info ] [ HEADER ] array (
  'cookie' => 'Hm_lvt_f8d0a8c400404989e195270b0bbf060a=1587370153; PHPSESSID=f8b8odrnls0k7insco62ruq8tt',
  'accept-language' => 'zh-CN,zh;q=0.9,en;q=0.8',
  'accept-encoding' => 'gzip, deflate',
  'user-agent' => 'Mozilla/5.0 (Windows NT 10.0; Win64; x64) AppleWebKit/537.36 (KHTML, like Gecko) Chrome/81.0.4044.129 Safari/537.36',
  'connection' => 'close',
  'host' => 'www.f1f2.com',
)
[ info ] [ PARAM ] array (
)
[ info ] [ LOG ] INIT File
---------------------------------------------------------------
[ 2020-05-08T10:29:19+08:00 ] 127.0.0.1 GET www.f1f2.com/assets/css/bootstrap.css.map
[运行时间：0.044078s] [吞吐率：22.69req/s] [内存消耗：1,674.30kb] [文件加载：106]
[ info ] [ BEHAVIOR ] Run Closure @app_init [ RunTime:0.000032s ]
[ info ] [ CACHE ] INIT File
[ info ] [ BEHAVIOR ] Run Closure @app_init [ RunTime:0.005774s ]
[ info ] [ LANG ] E:\phpStudy\PHPTutorial\WWW\jiacang\thinkphp\lang\zh-cn.php
[ info ] [ ROUTE ] array (
  'type' => 'module',
  'module' => 
  array (
    0 => 'assets',
    1 => 'css',
    2 => 'bootstrap.css.map',
  ),
)
[ info ] [ HEADER ] array (
  'cookie' => 'Hm_lvt_f8d0a8c400404989e195270b0bbf060a=1587370153; PHPSESSID=f8b8odrnls0k7insco62ruq8tt',
  'accept-language' => 'zh-CN,zh;q=0.9,en;q=0.8',
  'accept-encoding' => 'gzip, deflate',
  'user-agent' => 'Mozilla/5.0 (Windows NT 10.0; Win64; x64) AppleWebKit/537.36 (KHTML, like Gecko) Chrome/81.0.4044.129 Safari/537.36',
  'connection' => 'close',
  'host' => 'www.f1f2.com',
)
[ info ] [ PARAM ] array (
)
[ info ] [ LOG ] INIT File
---------------------------------------------------------------
[ 2020-05-08T10:29:19+08:00 ] 127.0.0.1 GET www.f1f2.com/assets/css/fastadmin.css.map
[运行时间：0.043913s] [吞吐率：22.77req/s] [内存消耗：1,674.30kb] [文件加载：106]
[ info ] [ BEHAVIOR ] Run Closure @app_init [ RunTime:0.000023s ]
[ info ] [ CACHE ] INIT File
[ info ] [ BEHAVIOR ] Run Closure @app_init [ RunTime:0.006377s ]
[ info ] [ LANG ] E:\phpStudy\PHPTutorial\WWW\jiacang\thinkphp\lang\zh-cn.php
[ info ] [ ROUTE ] array (
  'type' => 'module',
  'module' => 
  array (
    0 => 'assets',
    1 => 'css',
    2 => 'fastadmin.css.map',
  ),
)
[ info ] [ HEADER ] array (
  'cookie' => 'Hm_lvt_f8d0a8c400404989e195270b0bbf060a=1587370153; PHPSESSID=f8b8odrnls0k7insco62ruq8tt',
  'accept-language' => 'zh-CN,zh;q=0.9,en;q=0.8',
  'accept-encoding' => 'gzip, deflate',
  'user-agent' => 'Mozilla/5.0 (Windows NT 10.0; Win64; x64) AppleWebKit/537.36 (KHTML, like Gecko) Chrome/81.0.4044.129 Safari/537.36',
  'connection' => 'close',
  'host' => 'www.f1f2.com',
)
[ info ] [ PARAM ] array (
)
[ info ] [ LOG ] INIT File
---------------------------------------------------------------
[ 2020-05-08T10:29:19+08:00 ] 127.0.0.1 GET www.f1f2.com/assets/css/backend.css.map
[运行时间：0.058063s] [吞吐率：17.22req/s] [内存消耗：1,674.27kb] [文件加载：106]
[ info ] [ BEHAVIOR ] Run Closure @app_init [ RunTime:0.000021s ]
[ info ] [ CACHE ] INIT File
[ info ] [ BEHAVIOR ] Run Closure @app_init [ RunTime:0.003826s ]
[ info ] [ LANG ] E:\phpStudy\PHPTutorial\WWW\jiacang\thinkphp\lang\zh-cn.php
[ info ] [ ROUTE ] array (
  'type' => 'module',
  'module' => 
  array (
    0 => 'assets',
    1 => 'css',
    2 => 'backend.css.map',
  ),
)
[ info ] [ HEADER ] array (
  'cookie' => 'Hm_lvt_f8d0a8c400404989e195270b0bbf060a=1587370153; PHPSESSID=f8b8odrnls0k7insco62ruq8tt',
  'accept-language' => 'zh-CN,zh;q=0.9,en;q=0.8',
  'accept-encoding' => 'gzip, deflate',
  'user-agent' => 'Mozilla/5.0 (Windows NT 10.0; Win64; x64) AppleWebKit/537.36 (KHTML, like Gecko) Chrome/81.0.4044.129 Safari/537.36',
  'connection' => 'close',
  'host' => 'www.f1f2.com',
)
[ info ] [ PARAM ] array (
)
[ info ] [ LOG ] INIT File
---------------------------------------------------------------
[ 2020-05-08T10:29:19+08:00 ] 127.0.0.1 GET www.f1f2.com/rWPFXdqobO.php/ajax/lang?callback=define&controllername=index&v=1588904958
[运行时间：0.143824s] [吞吐率：6.95req/s] [内存消耗：3,577.79kb] [文件加载：132]
[ info ] [ BEHAVIOR ] Run Closure @app_init [ RunTime:0.000029s ]
[ info ] [ CACHE ] INIT File
[ info ] [ BEHAVIOR ] Run Closure @app_init [ RunTime:0.006113s ]
[ info ] [ LANG ] E:\phpStudy\PHPTutorial\WWW\jiacang\thinkphp\lang\zh-cn.php
[ info ] [ ROUTE ] array (
  'type' => 'module',
  'module' => 
  array (
    0 => 'admin',
    1 => 'ajax',
    2 => 'lang',
  ),
)
[ info ] [ HEADER ] array (
  'cookie' => 'Hm_lvt_f8d0a8c400404989e195270b0bbf060a=1587370153; PHPSESSID=f8b8odrnls0k7insco62ruq8tt',
  'accept-language' => 'zh-CN,zh;q=0.9,en;q=0.8',
  'accept-encoding' => 'gzip, deflate',
  'referer' => 'http://www.f1f2.com/rWPFXdqobO.php/index/index',
  'accept' => '*/*',
  'user-agent' => 'Mozilla/5.0 (Windows NT 10.0; Win64; x64) AppleWebKit/537.36 (KHTML, like Gecko) Chrome/81.0.4044.129 Safari/537.36',
  'connection' => 'close',
  'host' => 'www.f1f2.com',
)
[ info ] [ PARAM ] array (
  'callback' => 'define',
  'controllername' => 'index',
  'v' => '1588904958',
)
[ info ] [ LANG ] E:\phpStudy\PHPTutorial\WWW\jiacang\public/../application/admin\lang\zh-cn.php
[ info ] [ BEHAVIOR ] Run app\common\behavior\Common @module_init [ RunTime:0.008721s ]
[ info ] [ SESSION ] INIT array (
  'id' => '',
  'var_session_id' => '',
  'prefix' => 'think',
  'type' => '',
  'auto_start' => true,
)
[ info ] [ DB ] INIT mysql
[ info ] [ LANG ] E:\phpStudy\PHPTutorial\WWW\jiacang\public/../application/admin/lang/zh-cn/ajax.php
[ info ] [ RUN ] app\admin\controller\Ajax->lang[ E:\phpStudy\PHPTutorial\WWW\jiacang\application\admin\controller\Ajax.php ]
[ info ] [ LANG ] E:\phpStudy\PHPTutorial\WWW\jiacang\public/../application/admin/lang/zh-cn/index.php
[ info ] [ BEHAVIOR ] Run app\admin\behavior\AdminLog @app_end [ RunTime:0.000371s ]
[ info ] [ LOG ] INIT File
---------------------------------------------------------------
[ 2020-05-08T10:29:19+08:00 ] 127.0.0.1 GET www.f1f2.com/rWPFXdqobO.php/ajax/lang?callback=define&controllername=identify.ident&v=1588904959
[运行时间：0.251906s] [吞吐率：3.97req/s] [内存消耗：3,574.20kb] [文件加载：132]
[ info ] [ BEHAVIOR ] Run Closure @app_init [ RunTime:0.000021s ]
[ info ] [ CACHE ] INIT File
[ info ] [ BEHAVIOR ] Run Closure @app_init [ RunTime:0.005080s ]
[ info ] [ LANG ] E:\phpStudy\PHPTutorial\WWW\jiacang\thinkphp\lang\zh-cn.php
[ info ] [ ROUTE ] array (
  'type' => 'module',
  'module' => 
  array (
    0 => 'admin',
    1 => 'ajax',
    2 => 'lang',
  ),
)
[ info ] [ HEADER ] array (
  'cookie' => 'Hm_lvt_f8d0a8c400404989e195270b0bbf060a=1587370153; PHPSESSID=f8b8odrnls0k7insco62ruq8tt',
  'accept-language' => 'zh-CN,zh;q=0.9,en;q=0.8',
  'accept-encoding' => 'gzip, deflate',
  'referer' => 'http://www.f1f2.com/rWPFXdqobO.php/identify/ident?addtabs=1',
  'accept' => '*/*',
  'user-agent' => 'Mozilla/5.0 (Windows NT 10.0; Win64; x64) AppleWebKit/537.36 (KHTML, like Gecko) Chrome/81.0.4044.129 Safari/537.36',
  'connection' => 'close',
  'host' => 'www.f1f2.com',
)
[ info ] [ PARAM ] array (
  'callback' => 'define',
  'controllername' => 'identify.ident',
  'v' => '1588904959',
)
[ info ] [ LANG ] E:\phpStudy\PHPTutorial\WWW\jiacang\public/../application/admin\lang\zh-cn.php
[ info ] [ BEHAVIOR ] Run app\common\behavior\Common @module_init [ RunTime:0.002490s ]
[ info ] [ SESSION ] INIT array (
  'id' => '',
  'var_session_id' => '',
  'prefix' => 'think',
  'type' => '',
  'auto_start' => true,
)
[ info ] [ DB ] INIT mysql
[ info ] [ LANG ] E:\phpStudy\PHPTutorial\WWW\jiacang\public/../application/admin/lang/zh-cn/ajax.php
[ info ] [ RUN ] app\admin\controller\Ajax->lang[ E:\phpStudy\PHPTutorial\WWW\jiacang\application\admin\controller\Ajax.php ]
[ info ] [ LANG ] E:\phpStudy\PHPTutorial\WWW\jiacang\public/../application/admin/lang/zh-cn/identify/ident.php
[ info ] [ BEHAVIOR ] Run app\admin\behavior\AdminLog @app_end [ RunTime:0.000277s ]
[ info ] [ LOG ] INIT File
---------------------------------------------------------------
[ 2020-05-08T10:29:20+08:00 ] 127.0.0.1 GET www.f1f2.com/assets/css/skins/skin-green.css.map
[运行时间：0.050995s] [吞吐率：19.61req/s] [内存消耗：1,674.30kb] [文件加载：106]
[ info ] [ BEHAVIOR ] Run Closure @app_init [ RunTime:0.000021s ]
[ info ] [ CACHE ] INIT File
[ info ] [ BEHAVIOR ] Run Closure @app_init [ RunTime:0.004653s ]
[ info ] [ LANG ] E:\phpStudy\PHPTutorial\WWW\jiacang\thinkphp\lang\zh-cn.php
[ info ] [ ROUTE ] array (
  'type' => 'module',
  'module' => 
  array (
    0 => 'assets',
    1 => 'css',
    2 => 'skins',
  ),
)
[ info ] [ HEADER ] array (
  'cookie' => 'Hm_lvt_f8d0a8c400404989e195270b0bbf060a=1587370153; PHPSESSID=f8b8odrnls0k7insco62ruq8tt',
  'accept-language' => 'zh-CN,zh;q=0.9,en;q=0.8',
  'accept-encoding' => 'gzip, deflate',
  'user-agent' => 'Mozilla/5.0 (Windows NT 10.0; Win64; x64) AppleWebKit/537.36 (KHTML, like Gecko) Chrome/81.0.4044.129 Safari/537.36',
  'connection' => 'close',
  'host' => 'www.f1f2.com',
)
[ info ] [ PARAM ] array (
)
[ info ] [ LOG ] INIT File
---------------------------------------------------------------
[ 2020-05-08T10:29:32+08:00 ] 127.0.0.1 GET www.f1f2.com/rWPFXdqobO.php/index/index
[运行时间：0.157392s] [吞吐率：6.35req/s] [内存消耗：3,773.11kb] [文件加载：144]
[ info ] [ BEHAVIOR ] Run Closure @app_init [ RunTime:0.000023s ]
[ info ] [ CACHE ] INIT File
[ info ] [ BEHAVIOR ] Run Closure @app_init [ RunTime:0.003352s ]
[ info ] [ LANG ] E:\phpStudy\PHPTutorial\WWW\jiacang\thinkphp\lang\zh-cn.php
[ info ] [ ROUTE ] array (
  'type' => 'module',
  'module' => 
  array (
    0 => 'admin',
    1 => 'index',
    2 => 'index',
  ),
)
[ info ] [ HEADER ] array (
  'cookie' => 'Hm_lvt_f8d0a8c400404989e195270b0bbf060a=1587370153; PHPSESSID=f8b8odrnls0k7insco62ruq8tt',
  'accept-language' => 'zh-CN,zh;q=0.9,en;q=0.8',
  'accept-encoding' => 'gzip, deflate',
  'referer' => 'http://www.f1f2.com/rWPFXdqobO.php/index/index',
  'accept' => 'text/html,application/xhtml+xml,application/xml;q=0.9,image/webp,image/apng,*/*;q=0.8,application/signed-exchange;v=b3;q=0.9',
  'user-agent' => 'Mozilla/5.0 (Windows NT 10.0; Win64; x64) AppleWebKit/537.36 (KHTML, like Gecko) Chrome/81.0.4044.129 Safari/537.36',
  'upgrade-insecure-requests' => '1',
  'cache-control' => 'max-age=0',
  'connection' => 'close',
  'host' => 'www.f1f2.com',
)
[ info ] [ PARAM ] array (
)
[ info ] [ LANG ] E:\phpStudy\PHPTutorial\WWW\jiacang\public/../application/admin\lang\zh-cn.php
[ info ] [ BEHAVIOR ] Run app\common\behavior\Common @module_init [ RunTime:0.001187s ]
[ info ] [ SESSION ] INIT array (
  'id' => '',
  'var_session_id' => '',
  'prefix' => 'think',
  'type' => '',
  'auto_start' => true,
)
[ info ] [ DB ] INIT mysql
[ info ] [ LANG ] E:\phpStudy\PHPTutorial\WWW\jiacang\public/../application/admin/lang/zh-cn/index.php
[ info ] [ RUN ] app\admin\controller\Index->index[ E:\phpStudy\PHPTutorial\WWW\jiacang\application\admin\controller\Index.php ]
[ info ] [ VIEW ] E:\phpStudy\PHPTutorial\WWW\jiacang\public/../application/admin\view\index\index.html [ array (
  0 => 'breadcrumb',
  1 => 'site',
  2 => 'config',
  3 => 'auth',
  4 => 'admin',
  5 => 'menulist',
  6 => 'navlist',
  7 => 'fixedmenu',
  8 => 'referermenu',
  9 => 'title',
) ]
[ info ] [ BEHAVIOR ] Run app\admin\behavior\AdminLog @app_end [ RunTime:0.000162s ]
[ info ] [ LOG ] INIT File
---------------------------------------------------------------
[ 2020-05-08T10:29:32+08:00 ] 127.0.0.1 GET www.f1f2.com/assets/css/bootstrap.css.map
[运行时间：0.041734s] [吞吐率：23.96req/s] [内存消耗：1,674.30kb] [文件加载：106]
[ info ] [ BEHAVIOR ] Run Closure @app_init [ RunTime:0.000024s ]
[ info ] [ CACHE ] INIT File
[ info ] [ BEHAVIOR ] Run Closure @app_init [ RunTime:0.003117s ]
[ info ] [ LANG ] E:\phpStudy\PHPTutorial\WWW\jiacang\thinkphp\lang\zh-cn.php
[ info ] [ ROUTE ] array (
  'type' => 'module',
  'module' => 
  array (
    0 => 'assets',
    1 => 'css',
    2 => 'bootstrap.css.map',
  ),
)
[ info ] [ HEADER ] array (
  'cookie' => 'Hm_lvt_f8d0a8c400404989e195270b0bbf060a=1587370153; PHPSESSID=f8b8odrnls0k7insco62ruq8tt',
  'accept-language' => 'zh-CN,zh;q=0.9,en;q=0.8',
  'accept-encoding' => 'gzip, deflate',
  'user-agent' => 'Mozilla/5.0 (Windows NT 10.0; Win64; x64) AppleWebKit/537.36 (KHTML, like Gecko) Chrome/81.0.4044.129 Safari/537.36',
  'connection' => 'close',
  'host' => 'www.f1f2.com',
)
[ info ] [ PARAM ] array (
)
[ info ] [ LOG ] INIT File
---------------------------------------------------------------
[ 2020-05-08T10:29:32+08:00 ] 127.0.0.1 GET www.f1f2.com/assets/css/backend.css.map
[运行时间：0.054889s] [吞吐率：18.22req/s] [内存消耗：1,674.27kb] [文件加载：106]
[ info ] [ BEHAVIOR ] Run Closure @app_init [ RunTime:0.000021s ]
[ info ] [ CACHE ] INIT File
[ info ] [ BEHAVIOR ] Run Closure @app_init [ RunTime:0.002220s ]
[ info ] [ LANG ] E:\phpStudy\PHPTutorial\WWW\jiacang\thinkphp\lang\zh-cn.php
[ info ] [ ROUTE ] array (
  'type' => 'module',
  'module' => 
  array (
    0 => 'assets',
    1 => 'css',
    2 => 'backend.css.map',
  ),
)
[ info ] [ HEADER ] array (
  'cookie' => 'Hm_lvt_f8d0a8c400404989e195270b0bbf060a=1587370153; PHPSESSID=f8b8odrnls0k7insco62ruq8tt',
  'accept-language' => 'zh-CN,zh;q=0.9,en;q=0.8',
  'accept-encoding' => 'gzip, deflate',
  'user-agent' => 'Mozilla/5.0 (Windows NT 10.0; Win64; x64) AppleWebKit/537.36 (KHTML, like Gecko) Chrome/81.0.4044.129 Safari/537.36',
  'connection' => 'close',
  'host' => 'www.f1f2.com',
)
[ info ] [ PARAM ] array (
)
[ info ] [ LOG ] INIT File
---------------------------------------------------------------
[ 2020-05-08T10:29:32+08:00 ] 127.0.0.1 GET www.f1f2.com/assets/css/skins/skin-green.css.map
[运行时间：0.064427s] [吞吐率：15.52req/s] [内存消耗：1,674.30kb] [文件加载：106]
[ info ] [ BEHAVIOR ] Run Closure @app_init [ RunTime:0.000030s ]
[ info ] [ CACHE ] INIT File
[ info ] [ BEHAVIOR ] Run Closure @app_init [ RunTime:0.004644s ]
[ info ] [ LANG ] E:\phpStudy\PHPTutorial\WWW\jiacang\thinkphp\lang\zh-cn.php
[ info ] [ ROUTE ] array (
  'type' => 'module',
  'module' => 
  array (
    0 => 'assets',
    1 => 'css',
    2 => 'skins',
  ),
)
[ info ] [ HEADER ] array (
  'cookie' => 'Hm_lvt_f8d0a8c400404989e195270b0bbf060a=1587370153; PHPSESSID=f8b8odrnls0k7insco62ruq8tt',
  'accept-language' => 'zh-CN,zh;q=0.9,en;q=0.8',
  'accept-encoding' => 'gzip, deflate',
  'user-agent' => 'Mozilla/5.0 (Windows NT 10.0; Win64; x64) AppleWebKit/537.36 (KHTML, like Gecko) Chrome/81.0.4044.129 Safari/537.36',
  'connection' => 'close',
  'host' => 'www.f1f2.com',
)
[ info ] [ PARAM ] array (
)
[ info ] [ LOG ] INIT File
---------------------------------------------------------------
[ 2020-05-08T10:29:32+08:00 ] 127.0.0.1 GET www.f1f2.com/rWPFXdqobO.php/ajax/lang?callback=define&controllername=index&v=1588904971
[运行时间：0.099679s] [吞吐率：10.03req/s] [内存消耗：3,577.79kb] [文件加载：132]
[ info ] [ BEHAVIOR ] Run Closure @app_init [ RunTime:0.000015s ]
[ info ] [ CACHE ] INIT File
[ info ] [ BEHAVIOR ] Run Closure @app_init [ RunTime:0.002338s ]
[ info ] [ LANG ] E:\phpStudy\PHPTutorial\WWW\jiacang\thinkphp\lang\zh-cn.php
[ info ] [ ROUTE ] array (
  'type' => 'module',
  'module' => 
  array (
    0 => 'admin',
    1 => 'ajax',
    2 => 'lang',
  ),
)
[ info ] [ HEADER ] array (
  'cookie' => 'Hm_lvt_f8d0a8c400404989e195270b0bbf060a=1587370153; PHPSESSID=f8b8odrnls0k7insco62ruq8tt',
  'accept-language' => 'zh-CN,zh;q=0.9,en;q=0.8',
  'accept-encoding' => 'gzip, deflate',
  'referer' => 'http://www.f1f2.com/rWPFXdqobO.php/index/index',
  'accept' => '*/*',
  'user-agent' => 'Mozilla/5.0 (Windows NT 10.0; Win64; x64) AppleWebKit/537.36 (KHTML, like Gecko) Chrome/81.0.4044.129 Safari/537.36',
  'connection' => 'close',
  'host' => 'www.f1f2.com',
)
[ info ] [ PARAM ] array (
  'callback' => 'define',
  'controllername' => 'index',
  'v' => '1588904971',
)
[ info ] [ LANG ] E:\phpStudy\PHPTutorial\WWW\jiacang\public/../application/admin\lang\zh-cn.php
[ info ] [ BEHAVIOR ] Run app\common\behavior\Common @module_init [ RunTime:0.001562s ]
[ info ] [ SESSION ] INIT array (
  'id' => '',
  'var_session_id' => '',
  'prefix' => 'think',
  'type' => '',
  'auto_start' => true,
)
[ info ] [ DB ] INIT mysql
[ info ] [ LANG ] E:\phpStudy\PHPTutorial\WWW\jiacang\public/../application/admin/lang/zh-cn/ajax.php
[ info ] [ RUN ] app\admin\controller\Ajax->lang[ E:\phpStudy\PHPTutorial\WWW\jiacang\application\admin\controller\Ajax.php ]
[ info ] [ LANG ] E:\phpStudy\PHPTutorial\WWW\jiacang\public/../application/admin/lang/zh-cn/index.php
[ info ] [ BEHAVIOR ] Run app\admin\behavior\AdminLog @app_end [ RunTime:0.000349s ]
[ info ] [ LOG ] INIT File
---------------------------------------------------------------
[ 2020-05-08T10:29:33+08:00 ] 127.0.0.1 GET www.f1f2.com/assets/css/fastadmin.css.map
[运行时间：0.030927s] [吞吐率：32.33req/s] [内存消耗：1,674.30kb] [文件加载：106]
[ info ] [ BEHAVIOR ] Run Closure @app_init [ RunTime:0.000014s ]
[ info ] [ CACHE ] INIT File
[ info ] [ BEHAVIOR ] Run Closure @app_init [ RunTime:0.003402s ]
[ info ] [ LANG ] E:\phpStudy\PHPTutorial\WWW\jiacang\thinkphp\lang\zh-cn.php
[ info ] [ ROUTE ] array (
  'type' => 'module',
  'module' => 
  array (
    0 => 'assets',
    1 => 'css',
    2 => 'fastadmin.css.map',
  ),
)
[ info ] [ HEADER ] array (
  'cookie' => 'Hm_lvt_f8d0a8c400404989e195270b0bbf060a=1587370153; PHPSESSID=f8b8odrnls0k7insco62ruq8tt',
  'accept-language' => 'zh-CN,zh;q=0.9,en;q=0.8',
  'accept-encoding' => 'gzip, deflate',
  'user-agent' => 'Mozilla/5.0 (Windows NT 10.0; Win64; x64) AppleWebKit/537.36 (KHTML, like Gecko) Chrome/81.0.4044.129 Safari/537.36',
  'connection' => 'close',
  'host' => 'www.f1f2.com',
)
[ info ] [ PARAM ] array (
)
[ info ] [ LOG ] INIT File
---------------------------------------------------------------
[ 2020-05-08T10:29:43+08:00 ] 127.0.0.1 GET www.f1f2.com/rWPFXdqobO.php/index/index
[运行时间：0.154254s] [吞吐率：6.48req/s] [内存消耗：3,773.11kb] [文件加载：144]
[ info ] [ BEHAVIOR ] Run Closure @app_init [ RunTime:0.000022s ]
[ info ] [ CACHE ] INIT File
[ info ] [ BEHAVIOR ] Run Closure @app_init [ RunTime:0.002352s ]
[ info ] [ LANG ] E:\phpStudy\PHPTutorial\WWW\jiacang\thinkphp\lang\zh-cn.php
[ info ] [ ROUTE ] array (
  'type' => 'module',
  'module' => 
  array (
    0 => 'admin',
    1 => 'index',
    2 => 'index',
  ),
)
[ info ] [ HEADER ] array (
  'cookie' => 'Hm_lvt_f8d0a8c400404989e195270b0bbf060a=1587370153; PHPSESSID=f8b8odrnls0k7insco62ruq8tt',
  'accept-language' => 'zh-CN,zh;q=0.9,en;q=0.8',
  'accept-encoding' => 'gzip, deflate',
  'referer' => 'http://www.f1f2.com/rWPFXdqobO.php/index/index',
  'accept' => 'text/html,application/xhtml+xml,application/xml;q=0.9,image/webp,image/apng,*/*;q=0.8,application/signed-exchange;v=b3;q=0.9',
  'user-agent' => 'Mozilla/5.0 (Windows NT 10.0; Win64; x64) AppleWebKit/537.36 (KHTML, like Gecko) Chrome/81.0.4044.129 Safari/537.36',
  'upgrade-insecure-requests' => '1',
  'cache-control' => 'max-age=0',
  'connection' => 'close',
  'host' => 'www.f1f2.com',
)
[ info ] [ PARAM ] array (
)
[ info ] [ LANG ] E:\phpStudy\PHPTutorial\WWW\jiacang\public/../application/admin\lang\zh-cn.php
[ info ] [ BEHAVIOR ] Run app\common\behavior\Common @module_init [ RunTime:0.001296s ]
[ info ] [ SESSION ] INIT array (
  'id' => '',
  'var_session_id' => '',
  'prefix' => 'think',
  'type' => '',
  'auto_start' => true,
)
[ info ] [ DB ] INIT mysql
[ info ] [ LANG ] E:\phpStudy\PHPTutorial\WWW\jiacang\public/../application/admin/lang/zh-cn/index.php
[ info ] [ RUN ] app\admin\controller\Index->index[ E:\phpStudy\PHPTutorial\WWW\jiacang\application\admin\controller\Index.php ]
[ info ] [ VIEW ] E:\phpStudy\PHPTutorial\WWW\jiacang\public/../application/admin\view\index\index.html [ array (
  0 => 'breadcrumb',
  1 => 'site',
  2 => 'config',
  3 => 'auth',
  4 => 'admin',
  5 => 'menulist',
  6 => 'navlist',
  7 => 'fixedmenu',
  8 => 'referermenu',
  9 => 'title',
) ]
[ info ] [ BEHAVIOR ] Run app\admin\behavior\AdminLog @app_end [ RunTime:0.000183s ]
[ info ] [ LOG ] INIT File
---------------------------------------------------------------
[ 2020-05-08T10:29:43+08:00 ] 127.0.0.1 GET www.f1f2.com/assets/css/bootstrap.css.map
[运行时间：0.049493s] [吞吐率：20.20req/s] [内存消耗：1,674.30kb] [文件加载：106]
[ info ] [ BEHAVIOR ] Run Closure @app_init [ RunTime:0.000026s ]
[ info ] [ CACHE ] INIT File
[ info ] [ BEHAVIOR ] Run Closure @app_init [ RunTime:0.004465s ]
[ info ] [ LANG ] E:\phpStudy\PHPTutorial\WWW\jiacang\thinkphp\lang\zh-cn.php
[ info ] [ ROUTE ] array (
  'type' => 'module',
  'module' => 
  array (
    0 => 'assets',
    1 => 'css',
    2 => 'bootstrap.css.map',
  ),
)
[ info ] [ HEADER ] array (
  'cookie' => 'Hm_lvt_f8d0a8c400404989e195270b0bbf060a=1587370153; PHPSESSID=f8b8odrnls0k7insco62ruq8tt',
  'accept-language' => 'zh-CN,zh;q=0.9,en;q=0.8',
  'accept-encoding' => 'gzip, deflate',
  'user-agent' => 'Mozilla/5.0 (Windows NT 10.0; Win64; x64) AppleWebKit/537.36 (KHTML, like Gecko) Chrome/81.0.4044.129 Safari/537.36',
  'connection' => 'close',
  'host' => 'www.f1f2.com',
)
[ info ] [ PARAM ] array (
)
[ info ] [ LOG ] INIT File
---------------------------------------------------------------
[ 2020-05-08T10:29:43+08:00 ] 127.0.0.1 GET www.f1f2.com/assets/css/backend.css.map
[运行时间：0.075093s] [吞吐率：13.32req/s] [内存消耗：1,674.27kb] [文件加载：106]
[ info ] [ BEHAVIOR ] Run Closure @app_init [ RunTime:0.000025s ]
[ info ] [ CACHE ] INIT File
[ info ] [ BEHAVIOR ] Run Closure @app_init [ RunTime:0.005295s ]
[ info ] [ LANG ] E:\phpStudy\PHPTutorial\WWW\jiacang\thinkphp\lang\zh-cn.php
[ info ] [ ROUTE ] array (
  'type' => 'module',
  'module' => 
  array (
    0 => 'assets',
    1 => 'css',
    2 => 'backend.css.map',
  ),
)
[ info ] [ HEADER ] array (
  'cookie' => 'Hm_lvt_f8d0a8c400404989e195270b0bbf060a=1587370153; PHPSESSID=f8b8odrnls0k7insco62ruq8tt',
  'accept-language' => 'zh-CN,zh;q=0.9,en;q=0.8',
  'accept-encoding' => 'gzip, deflate',
  'user-agent' => 'Mozilla/5.0 (Windows NT 10.0; Win64; x64) AppleWebKit/537.36 (KHTML, like Gecko) Chrome/81.0.4044.129 Safari/537.36',
  'connection' => 'close',
  'host' => 'www.f1f2.com',
)
[ info ] [ PARAM ] array (
)
[ info ] [ LOG ] INIT File
---------------------------------------------------------------
[ 2020-05-08T10:29:43+08:00 ] 127.0.0.1 GET www.f1f2.com/rWPFXdqobO.php/ajax/lang?callback=define&controllername=index&v=1588904983
[运行时间：0.111471s] [吞吐率：8.97req/s] [内存消耗：3,577.79kb] [文件加载：132]
[ info ] [ BEHAVIOR ] Run Closure @app_init [ RunTime:0.000024s ]
[ info ] [ CACHE ] INIT File
[ info ] [ BEHAVIOR ] Run Closure @app_init [ RunTime:0.003295s ]
[ info ] [ LANG ] E:\phpStudy\PHPTutorial\WWW\jiacang\thinkphp\lang\zh-cn.php
[ info ] [ ROUTE ] array (
  'type' => 'module',
  'module' => 
  array (
    0 => 'admin',
    1 => 'ajax',
    2 => 'lang',
  ),
)
[ info ] [ HEADER ] array (
  'cookie' => 'Hm_lvt_f8d0a8c400404989e195270b0bbf060a=1587370153; PHPSESSID=f8b8odrnls0k7insco62ruq8tt',
  'accept-language' => 'zh-CN,zh;q=0.9,en;q=0.8',
  'accept-encoding' => 'gzip, deflate',
  'referer' => 'http://www.f1f2.com/rWPFXdqobO.php/index/index',
  'accept' => '*/*',
  'user-agent' => 'Mozilla/5.0 (Windows NT 10.0; Win64; x64) AppleWebKit/537.36 (KHTML, like Gecko) Chrome/81.0.4044.129 Safari/537.36',
  'connection' => 'close',
  'host' => 'www.f1f2.com',
)
[ info ] [ PARAM ] array (
  'callback' => 'define',
  'controllername' => 'index',
  'v' => '1588904983',
)
[ info ] [ LANG ] E:\phpStudy\PHPTutorial\WWW\jiacang\public/../application/admin\lang\zh-cn.php
[ info ] [ BEHAVIOR ] Run app\common\behavior\Common @module_init [ RunTime:0.001301s ]
[ info ] [ SESSION ] INIT array (
  'id' => '',
  'var_session_id' => '',
  'prefix' => 'think',
  'type' => '',
  'auto_start' => true,
)
[ info ] [ DB ] INIT mysql
[ info ] [ LANG ] E:\phpStudy\PHPTutorial\WWW\jiacang\public/../application/admin/lang/zh-cn/ajax.php
[ info ] [ RUN ] app\admin\controller\Ajax->lang[ E:\phpStudy\PHPTutorial\WWW\jiacang\application\admin\controller\Ajax.php ]
[ info ] [ LANG ] E:\phpStudy\PHPTutorial\WWW\jiacang\public/../application/admin/lang/zh-cn/index.php
[ info ] [ BEHAVIOR ] Run app\admin\behavior\AdminLog @app_end [ RunTime:0.000162s ]
[ info ] [ LOG ] INIT File
---------------------------------------------------------------
[ 2020-05-08T10:29:44+08:00 ] 127.0.0.1 GET www.f1f2.com/assets/css/fastadmin.css.map
[运行时间：0.035146s] [吞吐率：28.45req/s] [内存消耗：1,674.30kb] [文件加载：106]
[ info ] [ BEHAVIOR ] Run Closure @app_init [ RunTime:0.000020s ]
[ info ] [ CACHE ] INIT File
[ info ] [ BEHAVIOR ] Run Closure @app_init [ RunTime:0.002996s ]
[ info ] [ LANG ] E:\phpStudy\PHPTutorial\WWW\jiacang\thinkphp\lang\zh-cn.php
[ info ] [ ROUTE ] array (
  'type' => 'module',
  'module' => 
  array (
    0 => 'assets',
    1 => 'css',
    2 => 'fastadmin.css.map',
  ),
)
[ info ] [ HEADER ] array (
  'cookie' => 'Hm_lvt_f8d0a8c400404989e195270b0bbf060a=1587370153; PHPSESSID=f8b8odrnls0k7insco62ruq8tt',
  'accept-language' => 'zh-CN,zh;q=0.9,en;q=0.8',
  'accept-encoding' => 'gzip, deflate',
  'user-agent' => 'Mozilla/5.0 (Windows NT 10.0; Win64; x64) AppleWebKit/537.36 (KHTML, like Gecko) Chrome/81.0.4044.129 Safari/537.36',
  'connection' => 'close',
  'host' => 'www.f1f2.com',
)
[ info ] [ PARAM ] array (
)
[ info ] [ LOG ] INIT File
---------------------------------------------------------------
[ 2020-05-08T10:29:44+08:00 ] 127.0.0.1 GET www.f1f2.com/assets/css/skins/skin-green.css.map
[运行时间：0.034347s] [吞吐率：29.11req/s] [内存消耗：1,674.30kb] [文件加载：106]
[ info ] [ BEHAVIOR ] Run Closure @app_init [ RunTime:0.000016s ]
[ info ] [ CACHE ] INIT File
[ info ] [ BEHAVIOR ] Run Closure @app_init [ RunTime:0.003320s ]
[ info ] [ LANG ] E:\phpStudy\PHPTutorial\WWW\jiacang\thinkphp\lang\zh-cn.php
[ info ] [ ROUTE ] array (
  'type' => 'module',
  'module' => 
  array (
    0 => 'assets',
    1 => 'css',
    2 => 'skins',
  ),
)
[ info ] [ HEADER ] array (
  'cookie' => 'Hm_lvt_f8d0a8c400404989e195270b0bbf060a=1587370153; PHPSESSID=f8b8odrnls0k7insco62ruq8tt',
  'accept-language' => 'zh-CN,zh;q=0.9,en;q=0.8',
  'accept-encoding' => 'gzip, deflate',
  'user-agent' => 'Mozilla/5.0 (Windows NT 10.0; Win64; x64) AppleWebKit/537.36 (KHTML, like Gecko) Chrome/81.0.4044.129 Safari/537.36',
  'connection' => 'close',
  'host' => 'www.f1f2.com',
)
[ info ] [ PARAM ] array (
)
[ info ] [ LOG ] INIT File
---------------------------------------------------------------
[ 2020-05-08T17:40:18+08:00 ] 127.0.0.1 POST www.f1f2.com/rWPFXdqobO.php/finance/withdrawals/refuse/ids/2
[ error ] [0]致命错误: Class 'app\admin\controller\finance\DB' not found
---------------------------------------------------------------
[ 2020-05-08T17:40:21+08:00 ] 127.0.0.1 POST www.f1f2.com/rWPFXdqobO.php/finance/withdrawals/pass/ids/3
[ error ] [0]致命错误: Class 'app\admin\controller\finance\DB' not found
---------------------------------------------------------------
[ 2020-05-08T17:41:13+08:00 ] 127.0.0.1 POST www.f1f2.com/rWPFXdqobO.php/finance/withdrawals/refuse/ids/3
[ error ] [0]致命错误: Class 'app\admin\controller\finance\DB' not found
---------------------------------------------------------------
[ 2020-05-08T17:41:45+08:00 ] 127.0.0.1 POST www.f1f2.com/rWPFXdqobO.php/finance/withdrawals/pass/ids/3
[ error ] [0]致命错误: Class 'app\admin\controller\finance\DB' not found
